#
# There is insufficient memory for the Java Runtime Environment to continue.
# Native memory allocation (malloc) failed to allocate 4764160 bytes. Error detail: Chunk::new
# Possible reasons:
#   The system is out of physical RAM or swap space
#   This process is running with CompressedOops enabled, and the Java Heap may be blocking the growth of the native heap
# Possible solutions:
#   Reduce memory load on the system
#   Increase physical memory or swap space
#   Check if swap backing store is full
#   Decrease Java heap size (-Xmx/-Xms)
#   Decrease number of Java threads
#   Decrease Java thread stack sizes (-Xss)
#   Set larger code cache with -XX:ReservedCodeCacheSize=
#   JVM is running with Unscaled Compressed Oops mode in which the Java heap is
#     placed in the first 4GB address space. The Java Heap base address is the
#     maximum limit for the native heap growth. Please use -XX:HeapBaseMinAddress
#     to set the Java Heap base and to place the Java Heap above 4GB virtual address.
# This output file may be truncated or incomplete.
#
#  Out of Memory Error (arena.cpp:191), pid=2000, tid=640
#
# JRE version: OpenJDK Runtime Environment Temurin-17.0.13+11 (17.0.13+11) (build 17.0.13+11)
# Java VM: OpenJDK 64-Bit Server VM Temurin-17.0.13+11 (17.0.13+11, mixed mode, tiered, compressed oops, compressed class ptrs, parallel gc, windows-amd64)
# No core dump will be written. Minidumps are not enabled by default on client versions of Windows
#

---------------  S U M M A R Y ------------

Command Line: --add-modules=ALL-SYSTEM --add-opens=java.base/java.util=ALL-UNNAMED --add-opens=java.base/java.lang=ALL-UNNAMED --add-opens=java.base/sun.nio.fs=ALL-UNNAMED -Declipse.application=org.eclipse.jdt.ls.core.id1 -Dosgi.bundles.defaultStartLevel=4 -Declipse.product=org.eclipse.jdt.ls.core.product -Djava.import.generatesMetadataFilesAtProjectRoot=false -DDetectVMInstallationsJob.disabled=true -Dfile.encoding=utf8 -XX:+UseParallelGC -XX:GCTimeRatio=4 -XX:AdaptiveSizePolicyWeight=90 -Dsun.zip.disableMemoryMapping=true -Xmx1G -Xms100m -Xlog:disable -javaagent:c:\Users\holah\.vscode\extensions\redhat.java-1.37.0-win32-x64\lombok\lombok-1.18.34.jar -XX:+HeapDumpOnOutOfMemoryError -XX:HeapDumpPath=c:\Users\holah\AppData\Roaming\Code\User\workspaceStorage\fd6dd0623cfd37d927d0aafaec5638fa\redhat.java -Daether.dependencyCollector.impl=bf c:\Users\holah\.vscode\extensions\redhat.java-1.37.0-win32-x64\server\plugins\org.eclipse.equinox.launcher_1.6.900.v20240613-2009.jar -configuration c:\Users\holah\AppData\Roaming\Code\User\globalStorage\redhat.java\1.37.0\config_win -data c:\Users\holah\AppData\Roaming\Code\User\workspaceStorage\fd6dd0623cfd37d927d0aafaec5638fa\redhat.java\jdt_ws --pipe=\\.\pipe\lsp-22bc81e0e72678ae94aab388ee0488da-sock

Host: Intel(R) Core(TM) i5-10600K CPU @ 4.10GHz, 1 cores, 1G,  Windows 10 , 64 bit Build 19041 (10.0.19041.3636)
Time: Sun Dec  1 14:46:38 2024 Hora estándar romance elapsed time: 354.493932 seconds (0d 0h 5m 54s)

---------------  T H R E A D  ---------------

Current thread (0x00000234540d4a50):  JavaThread "C2 CompilerThread0" daemon [_thread_in_native, id=640, stack(0x000000706f200000,0x000000706f300000)]


Current CompileTask:
C2: 354493 17969       4       lombok.eclipse.EclipseAST::rebuild (62 bytes)

Stack: [0x000000706f200000,0x000000706f300000]
Native frames: (J=compiled Java code, j=interpreted, Vv=VM code, C=native code)
V  [jvm.dll+0x682a19]
V  [jvm.dll+0x839538]
V  [jvm.dll+0x83afe3]
V  [jvm.dll+0x83b653]
V  [jvm.dll+0x24704f]
V  [jvm.dll+0xace34]
V  [jvm.dll+0xad4cc]
V  [jvm.dll+0x36597e]
V  [jvm.dll+0x1ba989]
V  [jvm.dll+0x2181a7]
V  [jvm.dll+0x21748f]
V  [jvm.dll+0x1a3070]
V  [jvm.dll+0x22788c]
V  [jvm.dll+0x2259eb]
V  [jvm.dll+0x7eec98]
V  [jvm.dll+0x7e8ffc]
V  [jvm.dll+0x6818f7]
C  [ucrtbase.dll+0x21bb2]
C  [KERNEL32.DLL+0x17344]
C  [ntdll.dll+0x526b1]


---------------  P R O C E S S  ---------------

Threads class SMR info:
_java_thread_list=0x000002345ca1c010, length=36, elements={
0x000002343e368550, 0x00000234540a0020, 0x00000234540a2b50, 0x00000234540d15a0,
0x00000234540d2420, 0x00000234540d32a0, 0x00000234540d3d60, 0x00000234540d4a50,
0x0000023454139450, 0x000002345413c210, 0x00000234549146a0, 0x0000023454b24ea0,
0x0000023459486a90, 0x000002345949c9b0, 0x00000234594a7400, 0x00000234594a7cb0,
0x00000234595be550, 0x00000234599fa780, 0x00000234599fc5e0, 0x00000234599fb1a0,
0x00000234599fc0d0, 0x00000234599fd510, 0x00000234599fb6b0, 0x00000234599fd000,
0x00000234599fac90, 0x00000234599fbbc0, 0x000002345ae74b80, 0x000002345ae6f060,
0x000002345ae70ec0, 0x000002345983a4c0, 0x000002345983d250, 0x000002345983f5c0,
0x000002345983f0b0, 0x000002345983b900, 0x000002345983cd40, 0x000002345983fad0
}

Java Threads: ( => current thread )
  0x000002343e368550 JavaThread "main" [_thread_blocked, id=5708, stack(0x000000706e900000,0x000000706ea00000)]
  0x00000234540a0020 JavaThread "Reference Handler" daemon [_thread_blocked, id=4672, stack(0x000000706ec00000,0x000000706ed00000)]
  0x00000234540a2b50 JavaThread "Finalizer" daemon [_thread_blocked, id=4016, stack(0x000000706ed00000,0x000000706ee00000)]
  0x00000234540d15a0 JavaThread "Signal Dispatcher" daemon [_thread_blocked, id=1508, stack(0x000000706ee00000,0x000000706ef00000)]
  0x00000234540d2420 JavaThread "Attach Listener" daemon [_thread_blocked, id=4932, stack(0x000000706ef00000,0x000000706f000000)]
  0x00000234540d32a0 JavaThread "Service Thread" daemon [_thread_blocked, id=3596, stack(0x000000706f000000,0x000000706f100000)]
  0x00000234540d3d60 JavaThread "Monitor Deflation Thread" daemon [_thread_blocked, id=864, stack(0x000000706f100000,0x000000706f200000)]
=>0x00000234540d4a50 JavaThread "C2 CompilerThread0" daemon [_thread_in_native, id=640, stack(0x000000706f200000,0x000000706f300000)]
  0x0000023454139450 JavaThread "C1 CompilerThread0" daemon [_thread_blocked, id=1256, stack(0x000000706f300000,0x000000706f400000)]
  0x000002345413c210 JavaThread "Sweeper thread" daemon [_thread_blocked, id=4428, stack(0x000000706f400000,0x000000706f500000)]
  0x00000234549146a0 JavaThread "Common-Cleaner" daemon [_thread_blocked, id=2724, stack(0x000000706f500000,0x000000706f600000)]
  0x0000023454b24ea0 JavaThread "Notification Thread" daemon [_thread_blocked, id=5952, stack(0x000000706f600000,0x000000706f700000)]
  0x0000023459486a90 JavaThread "Active Thread: Equinox Container: af4c467a-8147-469c-b1ef-bdbdd76982a0" [_thread_blocked, id=2844, stack(0x000000706f800000,0x000000706f900000)]
  0x000002345949c9b0 JavaThread "Refresh Thread: Equinox Container: af4c467a-8147-469c-b1ef-bdbdd76982a0" daemon [_thread_blocked, id=2984, stack(0x000000706f900000,0x000000706fa00000)]
  0x00000234594a7400 JavaThread "Framework Event Dispatcher: Equinox Container: af4c467a-8147-469c-b1ef-bdbdd76982a0" daemon [_thread_blocked, id=1572, stack(0x000000706fa00000,0x000000706fb00000)]
  0x00000234594a7cb0 JavaThread "Start Level: Equinox Container: af4c467a-8147-469c-b1ef-bdbdd76982a0" daemon [_thread_blocked, id=3844, stack(0x000000706fb00000,0x000000706fc00000)]
  0x00000234595be550 JavaThread "Bundle File Closer" daemon [_thread_blocked, id=5840, stack(0x000000706fc00000,0x000000706fd00000)]
  0x00000234599fa780 JavaThread "SCR Component Actor" daemon [_thread_blocked, id=3420, stack(0x000000706fd00000,0x000000706fe00000)]
  0x00000234599fc5e0 JavaThread "Worker-JM" [_thread_blocked, id=2528, stack(0x000000706ff00000,0x0000007070000000)]
  0x00000234599fb1a0 JavaThread "JNA Cleaner" daemon [_thread_blocked, id=3556, stack(0x0000007070000000,0x0000007070100000)]
  0x00000234599fc0d0 JavaThread "Worker-0" [_thread_blocked, id=5444, stack(0x0000007070100000,0x0000007070200000)]
  0x00000234599fd510 JavaThread "Worker-2" [_thread_blocked, id=5700, stack(0x0000007070300000,0x0000007070400000)]
  0x00000234599fb6b0 JavaThread "Java indexing" daemon [_thread_blocked, id=3948, stack(0x0000007070500000,0x0000007070600000)]
  0x00000234599fd000 JavaThread "Thread-2" daemon [_thread_in_native, id=4592, stack(0x000000706fe00000,0x000000706ff00000)]
  0x00000234599fac90 JavaThread "Thread-3" daemon [_thread_in_native, id=5384, stack(0x0000007070600000,0x0000007070700000)]
  0x00000234599fbbc0 JavaThread "pool-2-thread-1" [_thread_blocked, id=5800, stack(0x0000007070700000,0x0000007070800000)]
  0x000002345ae74b80 JavaThread "Worker-4" [_thread_blocked, id=5580, stack(0x0000007070800000,0x0000007070900000)]
  0x000002345ae6f060 JavaThread "WorkspaceEventsHandler" [_thread_blocked, id=2252, stack(0x0000007070900000,0x0000007070a00000)]
  0x000002345ae70ec0 JavaThread "pool-1-thread-1" [_thread_blocked, id=4732, stack(0x0000007070a00000,0x0000007070b00000)]
  0x000002345983a4c0 JavaThread "ForkJoinPool.commonPool-worker-1" daemon [_thread_blocked, id=1624, stack(0x0000007070e00000,0x0000007070f00000)]
  0x000002345983d250 JavaThread "Cleaner-0" daemon [_thread_blocked, id=2200, stack(0x0000007071400000,0x0000007071500000)]
  0x000002345983f5c0 JavaThread "Java Debug Server" [_thread_in_native, id=4360, stack(0x0000007071300000,0x0000007071400000)]
  0x000002345983f0b0 JavaThread "RxSchedulerPurge-1" daemon [_thread_blocked, id=4236, stack(0x0000007071500000,0x0000007071600000)]
  0x000002345983b900 JavaThread "RxCachedWorkerPoolEvictor-1" daemon [_thread_blocked, id=4124, stack(0x0000007071600000,0x0000007071700000)]
  0x000002345983cd40 JavaThread "pool-1-thread-2" [_thread_blocked, id=5528, stack(0x000000706e800000,0x000000706e900000)]
  0x000002345983fad0 JavaThread "pool-1-thread-3" [_thread_blocked, id=944, stack(0x0000007070c00000,0x0000007070d00000)]

Other Threads:
  0x000002345408a260 VMThread "VM Thread" [stack: 0x000000706eb00000,0x000000706ec00000] [id=4416]
  0x0000023454afe500 WatcherThread [stack: 0x000000706f700000,0x000000706f800000] [id=4832]
  0x000002343e37cce0 GCTaskThread "GC Thread#0" [stack: 0x000000706ea00000,0x000000706eb00000] [id=3292]

Threads with active compile tasks:
C2 CompilerThread0   354548 17969       4       lombok.eclipse.EclipseAST::rebuild (62 bytes)

VM state: not at safepoint (normal execution)

VM Mutex/Monitor currently owned by a thread: None

Heap address: 0x00000000c0000000, size: 1024 MB, Compressed Oops mode: 32-bit

CDS archive(s) not mapped
Compressed class space mapped at: 0x0000000100000000-0x0000000140000000, reserved size: 1073741824
Narrow klass base: 0x0000000000000000, Narrow klass shift: 3, Narrow klass range: 0x140000000

GC Precious Log:
 CPUs: 1 total, 1 available
 Memory: 2047M
 Large Page Support: Disabled
 NUMA Support: Disabled
 Compressed Oops: Enabled (32-bit)
 Alignments: Space 512K, Generation 512K, Heap 2M
 Heap Min Capacity: 100M
 Heap Initial Capacity: 100M
 Heap Max Capacity: 1G
 Pre-touch: Disabled
 Parallel Workers: 1

Heap:
 PSYoungGen      total 31232K, used 30732K [0x00000000eab00000, 0x00000000ecc80000, 0x0000000100000000)
  eden space 28160K, 98% used [0x00000000eab00000,0x00000000ec61ac88,0x00000000ec680000)
  from space 3072K, 96% used [0x00000000ec680000,0x00000000ec968698,0x00000000ec980000)
  to   space 3072K, 0% used [0x00000000ec980000,0x00000000ec980000,0x00000000ecc80000)
 ParOldGen       total 255488K, used 222672K [0x00000000c0000000, 0x00000000cf980000, 0x00000000eab00000)
  object space 255488K, 87% used [0x00000000c0000000,0x00000000cd974178,0x00000000cf980000)
 Metaspace       used 91906K, committed 93312K, reserved 1179648K
  class space    used 9502K, committed 10112K, reserved 1048576K

Card table byte_map: [0x0000023451a00000,0x0000023451c10000] _byte_map_base: 0x0000023451400000

Marking Bits: (ParMarkBitMap*) 0x00007ff914696940
 Begin Bits: [0x0000023451d70000, 0x0000023452d70000)
 End Bits:   [0x0000023452d70000, 0x0000023453d70000)

Polling page: 0x000002343e1f0000

Metaspace:

Usage:
  Non-class:     80.47 MB used.
      Class:      9.28 MB used.
       Both:     89.75 MB used.

Virtual space:
  Non-class space:      128.00 MB reserved,      81.25 MB ( 63%) committed,  2 nodes.
      Class space:        1.00 GB reserved,       9.88 MB ( <1%) committed,  1 nodes.
             Both:        1.12 GB reserved,      91.12 MB (  8%) committed. 

Chunk freelists:
   Non-Class:  14.51 MB
       Class:  5.95 MB
        Both:  20.46 MB

MaxMetaspaceSize: unlimited
CompressedClassSpaceSize: 1.00 GB
Initial GC threshold: 21.00 MB
Current GC threshold: 141.19 MB
CDS: off
MetaspaceReclaimPolicy: balanced
 - commit_granule_bytes: 65536.
 - commit_granule_words: 8192.
 - virtual_space_node_default_size: 8388608.
 - enlarge_chunks_in_place: 1.
 - new_chunks_are_fully_committed: 0.
 - uncommit_free_chunks: 1.
 - use_allocation_guard: 0.
 - handle_deallocations: 1.


Internal statistics:

num_allocs_failed_limit: 11.
num_arena_births: 1092.
num_arena_deaths: 14.
num_vsnodes_births: 3.
num_vsnodes_deaths: 0.
num_space_committed: 1458.
num_space_uncommitted: 0.
num_chunks_returned_to_freelist: 25.
num_chunks_taken_from_freelist: 4912.
num_chunk_merges: 15.
num_chunk_splits: 3074.
num_chunks_enlarged: 1773.
num_inconsistent_stats: 0.

CodeHeap 'non-profiled nmethods': size=120064Kb used=13105Kb max_used=13105Kb free=106958Kb
 bounds [0x000002344a2e0000, 0x000002344afb0000, 0x0000023451820000]
CodeHeap 'profiled nmethods': size=120000Kb used=32475Kb max_used=32475Kb free=87524Kb
 bounds [0x0000023442820000, 0x00000234447e0000, 0x0000023449d50000]
CodeHeap 'non-nmethods': size=5696Kb used=1451Kb max_used=1542Kb free=4244Kb
 bounds [0x0000023449d50000, 0x0000023449fc0000, 0x000002344a2e0000]
 total_blobs=14752 nmethods=13938 adapters=725
 compilation: enabled
              stopped_count=0, restarted_count=0
 full_count=0

Compilation events (20 events):
Event: 353.782 Thread 0x0000023454139450 nmethod 17959 0x00000234447da610 code [0x00000234447da8c0, 0x00000234447db608]
Event: 353.783 Thread 0x00000234540d4a50 17960       4       org.eclipse.jdt.internal.core.BinaryMethod::getExceptionTypes (189 bytes)
Event: 353.798 Thread 0x00000234540d4a50 nmethod 17960 0x000002344af99f90 code [0x000002344af9a240, 0x000002344af9b4a8]
Event: 353.799 Thread 0x00000234540d4a50 17961       4       org.eclipse.jdt.internal.core.BinaryTypeConverter::convert (504 bytes)
Event: 353.964 Thread 0x00000234540d4a50 nmethod 17961 0x000002344af9c090 code [0x000002344af9c8c0, 0x000002344afa29e0]
Event: 353.973 Thread 0x00000234540d4a50 17962       4       org.eclipse.jdt.internal.compiler.lookup.WildcardBinding::kind (17 bytes)
Event: 353.974 Thread 0x00000234540d4a50 nmethod 17962 0x000002344afa7410 code [0x000002344afa7580, 0x000002344afa7618]
Event: 353.977 Thread 0x0000023454139450 17963       3       org.jsoup.nodes.Element::children (12 bytes)
Event: 353.977 Thread 0x0000023454139450 nmethod 17963 0x00000234447dbb90 code [0x00000234447dbd40, 0x00000234447dbff8]
Event: 354.001 Thread 0x00000234540d4a50 17964       4       java.util.stream.ReduceOps$4::makeSink (20 bytes)
Event: 354.063 Thread 0x00000234540d4a50 nmethod 17964 0x000002344afa7710 code [0x000002344afa78a0, 0x000002344afa7998]
Event: 354.068 Thread 0x00000234540d4a50 17965       4       java.util.stream.ReduceOps$4::makeSink (5 bytes)
Event: 354.069 Thread 0x00000234540d4a50 nmethod 17965 0x000002344afa7a90 code [0x000002344afa7c20, 0x000002344afa7d18]
Event: 354.069 Thread 0x00000234540d4a50 17966       4       java.util.stream.ReduceOps$4ReducingSink::begin (14 bytes)
Event: 354.071 Thread 0x00000234540d4a50 nmethod 17966 0x000002344afa7e10 code [0x000002344afa7fa0, 0x000002344afa8158]
Event: 354.074 Thread 0x00000234540d4a50 17967       4       org.eclipse.jdt.internal.compiler.lookup.ModuleBinding$$Lambda$417/0x00000001006aafc8::get (8 bytes)
Event: 354.075 Thread 0x00000234540d4a50 nmethod 17967 0x000002344afa8310 code [0x000002344afa84a0, 0x000002344afa8618]
Event: 354.077 Thread 0x00000234540d4a50 17968       4       java.lang.String::split (327 bytes)
Event: 354.117 Thread 0x00000234540d4a50 nmethod 17968 0x000002344afa8790 code [0x000002344afa8a40, 0x000002344afab080]
Event: 354.129 Thread 0x00000234540d4a50 17969       4       lombok.eclipse.EclipseAST::rebuild (62 bytes)

GC Heap History (20 events):
Event: 334.722 GC heap before
{Heap before GC invocations=306 (full 14):
 PSYoungGen      total 27648K, used 25925K [0x00000000eab00000, 0x00000000ec980000, 0x0000000100000000)
  eden space 27136K, 95% used [0x00000000eab00000,0x00000000ec441768,0x00000000ec580000)
  from space 512K, 12% used [0x00000000ec580000,0x00000000ec590000,0x00000000ec600000)
  to   space 512K, 0% used [0x00000000ec900000,0x00000000ec900000,0x00000000ec980000)
 ParOldGen       total 255488K, used 218427K [0x00000000c0000000, 0x00000000cf980000, 0x00000000eab00000)
  object space 255488K, 85% used [0x00000000c0000000,0x00000000cd54ee88,0x00000000cf980000)
 Metaspace       used 90772K, committed 92160K, reserved 1179648K
  class space    used 9416K, committed 10048K, reserved 1048576K
}
Event: 334.729 GC heap after
{Heap after GC invocations=306 (full 14):
 PSYoungGen      total 30208K, used 480K [0x00000000eab00000, 0x00000000eca00000, 0x0000000100000000)
  eden space 29696K, 0% used [0x00000000eab00000,0x00000000eab00000,0x00000000ec800000)
  from space 512K, 93% used [0x00000000ec900000,0x00000000ec978020,0x00000000ec980000)
  to   space 1024K, 0% used [0x00000000ec800000,0x00000000ec800000,0x00000000ec900000)
 ParOldGen       total 255488K, used 218763K [0x00000000c0000000, 0x00000000cf980000, 0x00000000eab00000)
  object space 255488K, 85% used [0x00000000c0000000,0x00000000cd5a2c98,0x00000000cf980000)
 Metaspace       used 90772K, committed 92160K, reserved 1179648K
  class space    used 9416K, committed 10048K, reserved 1048576K
}
Event: 339.870 GC heap before
{Heap before GC invocations=307 (full 14):
 PSYoungGen      total 30208K, used 30176K [0x00000000eab00000, 0x00000000eca00000, 0x0000000100000000)
  eden space 29696K, 100% used [0x00000000eab00000,0x00000000ec800000,0x00000000ec800000)
  from space 512K, 93% used [0x00000000ec900000,0x00000000ec978020,0x00000000ec980000)
  to   space 1024K, 0% used [0x00000000ec800000,0x00000000ec800000,0x00000000ec900000)
 ParOldGen       total 255488K, used 218763K [0x00000000c0000000, 0x00000000cf980000, 0x00000000eab00000)
  object space 255488K, 85% used [0x00000000c0000000,0x00000000cd5a2c98,0x00000000cf980000)
 Metaspace       used 90813K, committed 92224K, reserved 1179648K
  class space    used 9416K, committed 10048K, reserved 1048576K
}
Event: 339.880 GC heap after
{Heap after GC invocations=307 (full 14):
 PSYoungGen      total 30208K, used 1000K [0x00000000eab00000, 0x00000000ecb80000, 0x0000000100000000)
  eden space 29184K, 0% used [0x00000000eab00000,0x00000000eab00000,0x00000000ec780000)
  from space 1024K, 97% used [0x00000000ec800000,0x00000000ec8fa228,0x00000000ec900000)
  to   space 2048K, 0% used [0x00000000ec980000,0x00000000ec980000,0x00000000ecb80000)
 ParOldGen       total 255488K, used 219273K [0x00000000c0000000, 0x00000000cf980000, 0x00000000eab00000)
  object space 255488K, 85% used [0x00000000c0000000,0x00000000cd6226d8,0x00000000cf980000)
 Metaspace       used 90813K, committed 92224K, reserved 1179648K
  class space    used 9416K, committed 10048K, reserved 1048576K
}
Event: 343.057 GC heap before
{Heap before GC invocations=308 (full 14):
 PSYoungGen      total 30208K, used 30184K [0x00000000eab00000, 0x00000000ecb80000, 0x0000000100000000)
  eden space 29184K, 100% used [0x00000000eab00000,0x00000000ec780000,0x00000000ec780000)
  from space 1024K, 97% used [0x00000000ec800000,0x00000000ec8fa228,0x00000000ec900000)
  to   space 2048K, 0% used [0x00000000ec980000,0x00000000ec980000,0x00000000ecb80000)
 ParOldGen       total 255488K, used 219273K [0x00000000c0000000, 0x00000000cf980000, 0x00000000eab00000)
  object space 255488K, 85% used [0x00000000c0000000,0x00000000cd6226d8,0x00000000cf980000)
 Metaspace       used 90885K, committed 92288K, reserved 1179648K
  class space    used 9421K, committed 10048K, reserved 1048576K
}
Event: 343.060 GC heap after
{Heap after GC invocations=308 (full 14):
 PSYoungGen      total 30720K, used 1617K [0x00000000eab00000, 0x00000000ecb80000, 0x0000000100000000)
  eden space 28672K, 0% used [0x00000000eab00000,0x00000000eab00000,0x00000000ec700000)
  from space 2048K, 78% used [0x00000000ec980000,0x00000000ecb14690,0x00000000ecb80000)
  to   space 2048K, 0% used [0x00000000ec780000,0x00000000ec780000,0x00000000ec980000)
 ParOldGen       total 255488K, used 219281K [0x00000000c0000000, 0x00000000cf980000, 0x00000000eab00000)
  object space 255488K, 85% used [0x00000000c0000000,0x00000000cd6246d8,0x00000000cf980000)
 Metaspace       used 90885K, committed 92288K, reserved 1179648K
  class space    used 9421K, committed 10048K, reserved 1048576K
}
Event: 344.236 GC heap before
{Heap before GC invocations=309 (full 14):
 PSYoungGen      total 30720K, used 30289K [0x00000000eab00000, 0x00000000ecb80000, 0x0000000100000000)
  eden space 28672K, 100% used [0x00000000eab00000,0x00000000ec700000,0x00000000ec700000)
  from space 2048K, 78% used [0x00000000ec980000,0x00000000ecb14690,0x00000000ecb80000)
  to   space 2048K, 0% used [0x00000000ec780000,0x00000000ec780000,0x00000000ec980000)
 ParOldGen       total 255488K, used 219281K [0x00000000c0000000, 0x00000000cf980000, 0x00000000eab00000)
  object space 255488K, 85% used [0x00000000c0000000,0x00000000cd6246d8,0x00000000cf980000)
 Metaspace       used 91121K, committed 92480K, reserved 1179648K
  class space    used 9427K, committed 10048K, reserved 1048576K
}
Event: 344.248 GC heap after
{Heap after GC invocations=309 (full 14):
 PSYoungGen      total 30720K, used 2016K [0x00000000eab00000, 0x00000000ecd00000, 0x0000000100000000)
  eden space 28672K, 0% used [0x00000000eab00000,0x00000000eab00000,0x00000000ec700000)
  from space 2048K, 98% used [0x00000000ec780000,0x00000000ec9780d8,0x00000000ec980000)
  to   space 3072K, 0% used [0x00000000eca00000,0x00000000eca00000,0x00000000ecd00000)
 ParOldGen       total 255488K, used 219835K [0x00000000c0000000, 0x00000000cf980000, 0x00000000eab00000)
  object space 255488K, 86% used [0x00000000c0000000,0x00000000cd6aed28,0x00000000cf980000)
 Metaspace       used 91121K, committed 92480K, reserved 1179648K
  class space    used 9427K, committed 10048K, reserved 1048576K
}
Event: 345.625 GC heap before
{Heap before GC invocations=310 (full 14):
 PSYoungGen      total 30720K, used 30688K [0x00000000eab00000, 0x00000000ecd00000, 0x0000000100000000)
  eden space 28672K, 100% used [0x00000000eab00000,0x00000000ec700000,0x00000000ec700000)
  from space 2048K, 98% used [0x00000000ec780000,0x00000000ec9780d8,0x00000000ec980000)
  to   space 3072K, 0% used [0x00000000eca00000,0x00000000eca00000,0x00000000ecd00000)
 ParOldGen       total 255488K, used 219835K [0x00000000c0000000, 0x00000000cf980000, 0x00000000eab00000)
  object space 255488K, 86% used [0x00000000c0000000,0x00000000cd6aed28,0x00000000cf980000)
 Metaspace       used 91393K, committed 92800K, reserved 1179648K
  class space    used 9477K, committed 10112K, reserved 1048576K
}
Event: 345.641 GC heap after
{Heap after GC invocations=310 (full 14):
 PSYoungGen      total 30720K, used 1824K [0x00000000eab00000, 0x00000000ecc00000, 0x0000000100000000)
  eden space 28672K, 0% used [0x00000000eab00000,0x00000000eab00000,0x00000000ec700000)
  from space 2048K, 89% used [0x00000000eca00000,0x00000000ecbc8098,0x00000000ecc00000)
  to   space 2560K, 0% used [0x00000000ec700000,0x00000000ec700000,0x00000000ec980000)
 ParOldGen       total 255488K, used 220351K [0x00000000c0000000, 0x00000000cf980000, 0x00000000eab00000)
  object space 255488K, 86% used [0x00000000c0000000,0x00000000cd72ff50,0x00000000cf980000)
 Metaspace       used 91393K, committed 92800K, reserved 1179648K
  class space    used 9477K, committed 10112K, reserved 1048576K
}
Event: 348.903 GC heap before
{Heap before GC invocations=311 (full 14):
 PSYoungGen      total 30720K, used 30496K [0x00000000eab00000, 0x00000000ecc00000, 0x0000000100000000)
  eden space 28672K, 100% used [0x00000000eab00000,0x00000000ec700000,0x00000000ec700000)
  from space 2048K, 89% used [0x00000000eca00000,0x00000000ecbc8098,0x00000000ecc00000)
  to   space 2560K, 0% used [0x00000000ec700000,0x00000000ec700000,0x00000000ec980000)
 ParOldGen       total 255488K, used 220351K [0x00000000c0000000, 0x00000000cf980000, 0x00000000eab00000)
  object space 255488K, 86% used [0x00000000c0000000,0x00000000cd72ff50,0x00000000cf980000)
 Metaspace       used 91476K, committed 92864K, reserved 1179648K
  class space    used 9484K, committed 10112K, reserved 1048576K
}
Event: 348.907 GC heap after
{Heap after GC invocations=311 (full 14):
 PSYoungGen      total 31232K, used 2528K [0x00000000eab00000, 0x00000000ecd00000, 0x0000000100000000)
  eden space 28672K, 0% used [0x00000000eab00000,0x00000000eab00000,0x00000000ec700000)
  from space 2560K, 98% used [0x00000000ec700000,0x00000000ec9780d8,0x00000000ec980000)
  to   space 3072K, 0% used [0x00000000eca00000,0x00000000eca00000,0x00000000ecd00000)
 ParOldGen       total 255488K, used 220497K [0x00000000c0000000, 0x00000000cf980000, 0x00000000eab00000)
  object space 255488K, 86% used [0x00000000c0000000,0x00000000cd754670,0x00000000cf980000)
 Metaspace       used 91476K, committed 92864K, reserved 1179648K
  class space    used 9484K, committed 10112K, reserved 1048576K
}
Event: 350.637 GC heap before
{Heap before GC invocations=312 (full 14):
 PSYoungGen      total 31232K, used 31200K [0x00000000eab00000, 0x00000000ecd00000, 0x0000000100000000)
  eden space 28672K, 100% used [0x00000000eab00000,0x00000000ec700000,0x00000000ec700000)
  from space 2560K, 98% used [0x00000000ec700000,0x00000000ec9780d8,0x00000000ec980000)
  to   space 3072K, 0% used [0x00000000eca00000,0x00000000eca00000,0x00000000ecd00000)
 ParOldGen       total 255488K, used 220497K [0x00000000c0000000, 0x00000000cf980000, 0x00000000eab00000)
  object space 255488K, 86% used [0x00000000c0000000,0x00000000cd754670,0x00000000cf980000)
 Metaspace       used 91702K, committed 93056K, reserved 1179648K
  class space    used 9492K, committed 10112K, reserved 1048576K
}
Event: 350.646 GC heap after
{Heap after GC invocations=312 (full 14):
 PSYoungGen      total 31744K, used 2752K [0x00000000eab00000, 0x00000000ecd00000, 0x0000000100000000)
  eden space 28672K, 0% used [0x00000000eab00000,0x00000000eab00000,0x00000000ec700000)
  from space 3072K, 89% used [0x00000000eca00000,0x00000000eccb0040,0x00000000ecd00000)
  to   space 3072K, 0% used [0x00000000ec700000,0x00000000ec700000,0x00000000eca00000)
 ParOldGen       total 255488K, used 221350K [0x00000000c0000000, 0x00000000cf980000, 0x00000000eab00000)
  object space 255488K, 86% used [0x00000000c0000000,0x00000000cd829bd8,0x00000000cf980000)
 Metaspace       used 91702K, committed 93056K, reserved 1179648K
  class space    used 9492K, committed 10112K, reserved 1048576K
}
Event: 352.013 GC heap before
{Heap before GC invocations=313 (full 14):
 PSYoungGen      total 31744K, used 30380K [0x00000000eab00000, 0x00000000ecd00000, 0x0000000100000000)
  eden space 28672K, 96% used [0x00000000eab00000,0x00000000ec5fafe8,0x00000000ec700000)
  from space 3072K, 89% used [0x00000000eca00000,0x00000000eccb0040,0x00000000ecd00000)
  to   space 3072K, 0% used [0x00000000ec700000,0x00000000ec700000,0x00000000eca00000)
 ParOldGen       total 255488K, used 221350K [0x00000000c0000000, 0x00000000cf980000, 0x00000000eab00000)
  object space 255488K, 86% used [0x00000000c0000000,0x00000000cd829bd8,0x00000000cf980000)
 Metaspace       used 91786K, committed 93184K, reserved 1179648K
  class space    used 9495K, committed 10112K, reserved 1048576K
}
Event: 352.018 GC heap after
{Heap after GC invocations=313 (full 14):
 PSYoungGen      total 31744K, used 2912K [0x00000000eab00000, 0x00000000ecd00000, 0x0000000100000000)
  eden space 28672K, 0% used [0x00000000eab00000,0x00000000eab00000,0x00000000ec700000)
  from space 3072K, 94% used [0x00000000ec700000,0x00000000ec9d8020,0x00000000eca00000)
  to   space 3072K, 0% used [0x00000000eca00000,0x00000000eca00000,0x00000000ecd00000)
 ParOldGen       total 255488K, used 221350K [0x00000000c0000000, 0x00000000cf980000, 0x00000000eab00000)
  object space 255488K, 86% used [0x00000000c0000000,0x00000000cd829bd8,0x00000000cf980000)
 Metaspace       used 91786K, committed 93184K, reserved 1179648K
  class space    used 9495K, committed 10112K, reserved 1048576K
}
Event: 352.797 GC heap before
{Heap before GC invocations=314 (full 14):
 PSYoungGen      total 31744K, used 31584K [0x00000000eab00000, 0x00000000ecd00000, 0x0000000100000000)
  eden space 28672K, 100% used [0x00000000eab00000,0x00000000ec700000,0x00000000ec700000)
  from space 3072K, 94% used [0x00000000ec700000,0x00000000ec9d8020,0x00000000eca00000)
  to   space 3072K, 0% used [0x00000000eca00000,0x00000000eca00000,0x00000000ecd00000)
 ParOldGen       total 255488K, used 221350K [0x00000000c0000000, 0x00000000cf980000, 0x00000000eab00000)
  object space 255488K, 86% used [0x00000000c0000000,0x00000000cd829bd8,0x00000000cf980000)
 Metaspace       used 91832K, committed 93248K, reserved 1179648K
  class space    used 9498K, committed 10112K, reserved 1048576K
}
Event: 352.806 GC heap after
{Heap after GC invocations=314 (full 14):
 PSYoungGen      total 31232K, used 3048K [0x00000000eab00000, 0x00000000ece00000, 0x0000000100000000)
  eden space 28160K, 0% used [0x00000000eab00000,0x00000000eab00000,0x00000000ec680000)
  from space 3072K, 99% used [0x00000000eca00000,0x00000000eccfa1e8,0x00000000ecd00000)
  to   space 3584K, 0% used [0x00000000ec680000,0x00000000ec680000,0x00000000eca00000)
 ParOldGen       total 255488K, used 221526K [0x00000000c0000000, 0x00000000cf980000, 0x00000000eab00000)
  object space 255488K, 86% used [0x00000000c0000000,0x00000000cd855838,0x00000000cf980000)
 Metaspace       used 91832K, committed 93248K, reserved 1179648K
  class space    used 9498K, committed 10112K, reserved 1048576K
}
Event: 353.560 GC heap before
{Heap before GC invocations=315 (full 14):
 PSYoungGen      total 31232K, used 31208K [0x00000000eab00000, 0x00000000ece00000, 0x0000000100000000)
  eden space 28160K, 100% used [0x00000000eab00000,0x00000000ec680000,0x00000000ec680000)
  from space 3072K, 99% used [0x00000000eca00000,0x00000000eccfa1e8,0x00000000ecd00000)
  to   space 3584K, 0% used [0x00000000ec680000,0x00000000ec680000,0x00000000eca00000)
 ParOldGen       total 255488K, used 221526K [0x00000000c0000000, 0x00000000cf980000, 0x00000000eab00000)
  object space 255488K, 86% used [0x00000000c0000000,0x00000000cd855838,0x00000000cf980000)
 Metaspace       used 91885K, committed 93312K, reserved 1179648K
  class space    used 9499K, committed 10112K, reserved 1048576K
}
Event: 353.572 GC heap after
{Heap after GC invocations=315 (full 14):
 PSYoungGen      total 31232K, used 2977K [0x00000000eab00000, 0x00000000ecc80000, 0x0000000100000000)
  eden space 28160K, 0% used [0x00000000eab00000,0x00000000eab00000,0x00000000ec680000)
  from space 3072K, 96% used [0x00000000ec680000,0x00000000ec968698,0x00000000ec980000)
  to   space 3072K, 0% used [0x00000000ec980000,0x00000000ec980000,0x00000000ecc80000)
 ParOldGen       total 255488K, used 222672K [0x00000000c0000000, 0x00000000cf980000, 0x00000000eab00000)
  object space 255488K, 87% used [0x00000000c0000000,0x00000000cd974178,0x00000000cf980000)
 Metaspace       used 91885K, committed 93312K, reserved 1179648K
  class space    used 9499K, committed 10112K, reserved 1048576K
}

Dll operation events (12 events):
Event: 0.029 Loaded shared library c:\Users\holah\.vscode\extensions\redhat.java-1.37.0-win32-x64\jre\17.0.13-win32-x86_64\bin\java.dll
Event: 0.298 Loaded shared library c:\Users\holah\.vscode\extensions\redhat.java-1.37.0-win32-x64\jre\17.0.13-win32-x86_64\bin\zip.dll
Event: 0.300 Loaded shared library C:\Users\holah\.vscode\extensions\redhat.java-1.37.0-win32-x64\jre\17.0.13-win32-x86_64\bin\instrument.dll
Event: 0.309 Loaded shared library C:\Users\holah\.vscode\extensions\redhat.java-1.37.0-win32-x64\jre\17.0.13-win32-x86_64\bin\net.dll
Event: 0.312 Loaded shared library C:\Users\holah\.vscode\extensions\redhat.java-1.37.0-win32-x64\jre\17.0.13-win32-x86_64\bin\nio.dll
Event: 0.316 Loaded shared library C:\Users\holah\.vscode\extensions\redhat.java-1.37.0-win32-x64\jre\17.0.13-win32-x86_64\bin\zip.dll
Event: 0.333 Loaded shared library C:\Users\holah\.vscode\extensions\redhat.java-1.37.0-win32-x64\jre\17.0.13-win32-x86_64\bin\jimage.dll
Event: 0.398 Loaded shared library c:\Users\holah\.vscode\extensions\redhat.java-1.37.0-win32-x64\jre\17.0.13-win32-x86_64\bin\verify.dll
Event: 2.165 Loaded shared library C:\Users\holah\AppData\Roaming\Code\User\globalStorage\redhat.java\1.37.0\config_win\org.eclipse.equinox.launcher\org.eclipse.equinox.launcher.win32.win32.x86_64_1.2.1100.v20240722-2106\eclipse_11904.dll
Event: 8.707 Loaded shared library C:\Users\holah\AppData\Local\Temp\jna-99459884\jna7781852921617979163.dll
Event: 211.392 Loaded shared library C:\Users\holah\.vscode\extensions\redhat.java-1.37.0-win32-x64\jre\17.0.13-win32-x86_64\bin\sunmscapi.dll
Event: 212.103 Loaded shared library C:\Users\holah\.vscode\extensions\redhat.java-1.37.0-win32-x64\jre\17.0.13-win32-x86_64\bin\extnet.dll

Deoptimization events (20 events):
Event: 352.550 Thread 0x000002345983cd40 DEOPT PACKING pc=0x000002344a55f5f8 sp=0x000000706e8fe810
Event: 352.550 Thread 0x000002345983cd40 DEOPT UNPACKING pc=0x0000023449da66a3 sp=0x000000706e8fe7a8 mode 2
Event: 352.555 Thread 0x000002345983cd40 Uncommon trap: trap_request=0xffffffde fr.pc=0x000002344a884e88 relative=0x0000000000006f48
Event: 352.555 Thread 0x000002345983cd40 Uncommon trap: reason=class_check action=maybe_recompile pc=0x000002344a884e88 method=org.eclipse.jdt.internal.compiler.lookup.SplitPackageBinding.findPackage([CLorg/eclipse/jdt/internal/compiler/lookup/ModuleBinding;)Lorg/eclipse/jdt/internal/compiler/lo
Event: 352.555 Thread 0x000002345983cd40 DEOPT PACKING pc=0x000002344a884e88 sp=0x000000706e8fe4b0
Event: 352.555 Thread 0x000002345983cd40 DEOPT UNPACKING pc=0x0000023449da66a3 sp=0x000000706e8fe428 mode 2
Event: 352.797 Thread 0x000002345983cd40 Uncommon trap: trap_request=0xffffffc6 fr.pc=0x000002344acad670 relative=0x0000000000001af0
Event: 352.797 Thread 0x000002345983cd40 Uncommon trap: reason=bimorphic_or_optimized_type_check action=maybe_recompile pc=0x000002344acad670 method=org.eclipse.jdt.internal.core.JavaElement.openWhenClosed(Lorg/eclipse/jdt/internal/compiler/env/IElementInfo;ZLorg/eclipse/core/runtime/IProgressMo
Event: 352.797 Thread 0x000002345983cd40 DEOPT PACKING pc=0x000002344acad670 sp=0x000000706e8fea90
Event: 352.797 Thread 0x000002345983cd40 DEOPT UNPACKING pc=0x0000023449da66a3 sp=0x000000706e8fe9c8 mode 2
Event: 353.129 Thread 0x0000023459840f10 Uncommon trap: trap_request=0xffffff45 fr.pc=0x000002344ac86114 relative=0x00000000000005b4
Event: 353.129 Thread 0x0000023459840f10 Uncommon trap: reason=unstable_if action=reinterpret pc=0x000002344ac86114 method=org.eclipse.jdt.core.dom.DefaultBindingResolver.getVariableBinding(Lorg/eclipse/jdt/internal/compiler/lookup/VariableBinding;)Lorg/eclipse/jdt/core/dom/IVariableBinding; @ 8
Event: 353.129 Thread 0x0000023459840f10 DEOPT PACKING pc=0x000002344ac86114 sp=0x00000070702fe7c0
Event: 353.129 Thread 0x0000023459840f10 DEOPT UNPACKING pc=0x0000023449da66a3 sp=0x00000070702fe760 mode 2
Event: 353.192 Thread 0x000002345983c320 Uncommon trap: trap_request=0xffffff45 fr.pc=0x000002344aecbe38 relative=0x00000000000003f8
Event: 353.192 Thread 0x000002345983c320 Uncommon trap: reason=unstable_if action=reinterpret pc=0x000002344aecbe38 method=org.eclipse.jdt.internal.corext.refactoring.code.flow.FlowInfo.mergeAccessModeSequential(Lorg/eclipse/jdt/internal/corext/refactoring/code/flow/FlowInfo;Lorg/eclipse/jdt/int
Event: 353.192 Thread 0x000002345983c320 DEOPT PACKING pc=0x000002344aecbe38 sp=0x00000070710fe5b0
Event: 353.192 Thread 0x000002345983c320 DEOPT UNPACKING pc=0x0000023449da66a3 sp=0x00000070710fe480 mode 2
Event: 353.714 Thread 0x000002345983cd40 DEOPT PACKING pc=0x0000023444213a1b sp=0x000000706e8fe220
Event: 353.714 Thread 0x000002345983cd40 DEOPT UNPACKING pc=0x0000023449da6e43 sp=0x000000706e8fd6f0 mode 0

Classes loaded (20 events):
Event: 321.065 Loading class java/io/ObjectOutputStream$HandleTable
Event: 321.065 Loading class java/io/ObjectOutputStream$HandleTable done
Event: 321.065 Loading class java/io/ObjectOutputStream$ReplaceTable
Event: 321.065 Loading class java/io/ObjectOutputStream$ReplaceTable done
Event: 342.473 Loading class java/util/Spliterators$IntArraySpliterator
Event: 342.474 Loading class java/util/Spliterators$IntArraySpliterator done
Event: 342.474 Loading class java/util/stream/Nodes$IntSpinedNodeBuilder
Event: 342.475 Loading class java/util/stream/SpinedBuffer$OfInt
Event: 342.476 Loading class java/util/stream/SpinedBuffer$OfPrimitive
Event: 342.476 Loading class java/util/stream/SpinedBuffer$OfPrimitive done
Event: 342.477 Loading class java/util/stream/SpinedBuffer$OfInt done
Event: 342.479 Loading class java/util/stream/Nodes$IntSpinedNodeBuilder done
Event: 343.230 Loading class java/nio/channels/CompletionHandler
Event: 343.231 Loading class java/nio/channels/CompletionHandler done
Event: 352.426 Loading class jdk/internal/icu/text/NormalizerBase$NFCModeImpl
Event: 352.427 Loading class jdk/internal/icu/text/NormalizerBase$NFCModeImpl done
Event: 352.428 Loading class jdk/internal/icu/impl/Norm2AllModes$NFCSingleton
Event: 352.437 Loading class jdk/internal/icu/impl/Norm2AllModes$NFCSingleton done
Event: 352.442 Loading class java/nio/StringCharBuffer
Event: 352.442 Loading class java/nio/StringCharBuffer done

Classes unloaded (7 events):
Event: 13.169 Thread 0x000002345408a260 Unloading class 0x0000000100250000 'java/lang/invoke/LambdaForm$MH+0x0000000100250000'
Event: 13.169 Thread 0x000002345408a260 Unloading class 0x000000010024fc00 'java/lang/invoke/LambdaForm$MH+0x000000010024fc00'
Event: 13.169 Thread 0x000002345408a260 Unloading class 0x000000010024f800 'java/lang/invoke/LambdaForm$MH+0x000000010024f800'
Event: 13.169 Thread 0x000002345408a260 Unloading class 0x000000010024f400 'java/lang/invoke/LambdaForm$MH+0x000000010024f400'
Event: 13.169 Thread 0x000002345408a260 Unloading class 0x000000010024f000 'java/lang/invoke/LambdaForm$BMH+0x000000010024f000'
Event: 13.169 Thread 0x000002345408a260 Unloading class 0x000000010024ec00 'java/lang/invoke/LambdaForm$DMH+0x000000010024ec00'
Event: 13.169 Thread 0x000002345408a260 Unloading class 0x000000010024c400 'java/lang/invoke/LambdaForm$DMH+0x000000010024c400'

Classes redefined (0 events):
No events

Internal exceptions (20 events):
Event: 352.743 Thread 0x000002345983cd40 Exception <a 'java/lang/ClassNotFoundException'{0x00000000ec3676d8}: sun/net/www/protocol/eclipse-javadoc/Handler> (0x00000000ec3676d8) 
thrown [s\src\hotspot\share\classfile\systemDictionary.cpp, line 256]
Event: 352.743 Thread 0x000002345983cd40 Exception <a 'java/lang/ClassNotFoundException'{0x00000000ec369970}: sun/net/www/protocol/eclipse-javadoc/Handler> (0x00000000ec369970) 
thrown [s\src\hotspot\share\classfile\systemDictionary.cpp, line 256]
Event: 352.743 Thread 0x000002345983cd40 Exception <a 'java/lang/ClassNotFoundException'{0x00000000ec36cbf8}: sun/net/www/protocol/jdt/Handler> (0x00000000ec36cbf8) 
thrown [s\src\hotspot\share\classfile\systemDictionary.cpp, line 256]
Event: 352.743 Thread 0x000002345983cd40 Exception <a 'java/lang/ClassNotFoundException'{0x00000000ec37ef50}: sun/net/www/protocol/jdt/Handler> (0x00000000ec37ef50) 
thrown [s\src\hotspot\share\classfile\systemDictionary.cpp, line 256]
Event: 352.743 Thread 0x000002345983cd40 Exception <a 'java/lang/ClassNotFoundException'{0x00000000ec3815c0}: sun/net/www/protocol/jdt/Handler> (0x00000000ec3815c0) 
thrown [s\src\hotspot\share\classfile\systemDictionary.cpp, line 256]
Event: 353.065 Thread 0x000002345983cd40 Exception <a 'java/lang/ClassNotFoundException'{0x00000000eba0abe8}: sun/net/www/protocol/jdt/Handler> (0x00000000eba0abe8) 
thrown [s\src\hotspot\share\classfile\systemDictionary.cpp, line 256]
Event: 353.067 Thread 0x000002345983cd40 Exception <a 'java/lang/ClassNotFoundException'{0x00000000eba0d270}: sun/net/www/protocol/eclipse-javadoc/Handler> (0x00000000eba0d270) 
thrown [s\src\hotspot\share\classfile\systemDictionary.cpp, line 256]
Event: 353.067 Thread 0x000002345983cd40 Exception <a 'java/lang/ClassNotFoundException'{0x00000000eba20260}: sun/net/www/protocol/eclipse-javadoc/Handler> (0x00000000eba20260) 
thrown [s\src\hotspot\share\classfile\systemDictionary.cpp, line 256]
Event: 353.067 Thread 0x000002345983cd40 Exception <a 'java/lang/ClassNotFoundException'{0x00000000eba234e8}: sun/net/www/protocol/jdt/Handler> (0x00000000eba234e8) 
thrown [s\src\hotspot\share\classfile\systemDictionary.cpp, line 256]
Event: 353.067 Thread 0x000002345983cd40 Exception <a 'java/lang/ClassNotFoundException'{0x00000000eba255f0}: sun/net/www/protocol/jdt/Handler> (0x00000000eba255f0) 
thrown [s\src\hotspot\share\classfile\systemDictionary.cpp, line 256]
Event: 353.067 Thread 0x000002345983cd40 Exception <a 'java/lang/ClassNotFoundException'{0x00000000eba27c60}: sun/net/www/protocol/jdt/Handler> (0x00000000eba27c60) 
thrown [s\src\hotspot\share\classfile\systemDictionary.cpp, line 256]
Event: 353.164 Thread 0x000002345983ffe0 Exception <a 'java/lang/ArrayIndexOutOfBoundsException'{0x00000000ec163a88}> (0x00000000ec163a88) 
thrown [s\src\hotspot\share\runtime\sharedRuntime.cpp, line 631]
Event: 353.179 Thread 0x000002345983ffe0 Exception <a 'java/lang/ArrayIndexOutOfBoundsException'{0x00000000ec294db8}> (0x00000000ec294db8) 
thrown [s\src\hotspot\share\runtime\sharedRuntime.cpp, line 631]
Event: 353.665 Thread 0x000002345983cd40 Exception <a 'java/lang/ClassNotFoundException'{0x00000000eb23e000}: sun/net/www/protocol/jdt/Handler> (0x00000000eb23e000) 
thrown [s\src\hotspot\share\classfile\systemDictionary.cpp, line 256]
Event: 353.665 Thread 0x000002345983cd40 Exception <a 'java/lang/ClassNotFoundException'{0x00000000eb241a50}: sun/net/www/protocol/jdt/Handler> (0x00000000eb241a50) 
thrown [s\src\hotspot\share\classfile\systemDictionary.cpp, line 256]
Event: 353.665 Thread 0x000002345983cd40 Exception <a 'java/lang/ClassNotFoundException'{0x00000000eb243b58}: sun/net/www/protocol/jdt/Handler> (0x00000000eb243b58) 
thrown [s\src\hotspot\share\classfile\systemDictionary.cpp, line 256]
Event: 353.723 Thread 0x000002345983cd40 Exception <a 'java/lang/ClassNotFoundException'{0x00000000ebaa0cc0}: sun/net/www/protocol/jdt/Handler> (0x00000000ebaa0cc0) 
thrown [s\src\hotspot\share\classfile\systemDictionary.cpp, line 256]
Event: 353.723 Thread 0x000002345983cd40 Exception <a 'java/lang/ClassNotFoundException'{0x00000000ebaa2dc8}: sun/net/www/protocol/jdt/Handler> (0x00000000ebaa2dc8) 
thrown [s\src\hotspot\share\classfile\systemDictionary.cpp, line 256]
Event: 353.975 Thread 0x000002345983cd40 Exception <a 'java/lang/ClassNotFoundException'{0x00000000ec326f28}: sun/net/www/protocol/jdt/Handler> (0x00000000ec326f28) 
thrown [s\src\hotspot\share\classfile\systemDictionary.cpp, line 256]
Event: 353.975 Thread 0x000002345983cd40 Exception <a 'java/lang/ClassNotFoundException'{0x00000000ec329278}: sun/net/www/protocol/jdt/Handler> (0x00000000ec329278) 
thrown [s\src\hotspot\share\classfile\systemDictionary.cpp, line 256]

VM Operations (20 events):
Event: 346.641 Executing VM operation: Cleanup
Event: 346.641 Executing VM operation: Cleanup done
Event: 347.648 Executing VM operation: Cleanup
Event: 347.648 Executing VM operation: Cleanup done
Event: 348.654 Executing VM operation: Cleanup
Event: 348.654 Executing VM operation: Cleanup done
Event: 348.902 Executing VM operation: ParallelGCFailedAllocation
Event: 348.907 Executing VM operation: ParallelGCFailedAllocation done
Event: 349.922 Executing VM operation: Cleanup
Event: 350.066 Executing VM operation: Cleanup done
Event: 350.637 Executing VM operation: ParallelGCFailedAllocation
Event: 350.646 Executing VM operation: ParallelGCFailedAllocation done
Event: 351.649 Executing VM operation: Cleanup
Event: 351.649 Executing VM operation: Cleanup done
Event: 352.013 Executing VM operation: ParallelGCFailedAllocation
Event: 352.018 Executing VM operation: ParallelGCFailedAllocation done
Event: 352.797 Executing VM operation: ParallelGCFailedAllocation
Event: 352.806 Executing VM operation: ParallelGCFailedAllocation done
Event: 353.560 Executing VM operation: ParallelGCFailedAllocation
Event: 353.572 Executing VM operation: ParallelGCFailedAllocation done

Memory protections (0 events):
No events

Nmethod flushes (20 events):
Event: 320.391 Thread 0x000002345413c210 flushing osr nmethod 0x0000023444492d90
Event: 320.391 Thread 0x000002345413c210 flushing  nmethod 0x000002344449e110
Event: 320.391 Thread 0x000002345413c210 flushing  nmethod 0x00000234444ba090
Event: 320.391 Thread 0x000002345413c210 flushing  nmethod 0x00000234444e0e90
Event: 320.391 Thread 0x000002345413c210 flushing  nmethod 0x0000023444509990
Event: 320.391 Thread 0x000002345413c210 flushing  nmethod 0x0000023444516c90
Event: 320.391 Thread 0x000002345413c210 flushing  nmethod 0x0000023444519b90
Event: 320.391 Thread 0x000002345413c210 flushing  nmethod 0x000002344451e290
Event: 320.391 Thread 0x000002345413c210 flushing  nmethod 0x000002344452c190
Event: 345.609 Thread 0x000002345413c210 flushing  nmethod 0x000002344aedd390
Event: 345.609 Thread 0x000002345413c210 flushing  nmethod 0x000002344aee6590
Event: 345.615 Thread 0x000002345413c210 flushing  nmethod 0x000002344337fb10
Event: 345.616 Thread 0x000002345413c210 flushing  nmethod 0x0000023443646090
Event: 345.618 Thread 0x000002345413c210 flushing  nmethod 0x0000023443ab9c90
Event: 345.618 Thread 0x000002345413c210 flushing  nmethod 0x0000023443aba310
Event: 345.618 Thread 0x000002345413c210 flushing  nmethod 0x0000023443aba790
Event: 345.618 Thread 0x000002345413c210 flushing  nmethod 0x0000023443abbb10
Event: 345.619 Thread 0x000002345413c210 flushing  nmethod 0x0000023443c71990
Event: 345.623 Thread 0x000002345413c210 flushing  nmethod 0x0000023444544810
Event: 345.623 Thread 0x000002345413c210 flushing  nmethod 0x000002344457cb10

Events (20 events):
Event: 352.209 Thread 0x000002345983ffe0 Thread exited: 0x000002345983ffe0
Event: 352.222 Thread 0x0000023459841930 Thread exited: 0x0000023459841930
Event: 353.079 Thread 0x000002345ae70ec0 Thread added: 0x0000023459840f10
Event: 353.080 Thread 0x000002345ae70ec0 Thread added: 0x000002345983c830
Event: 353.082 Thread 0x000002345ae70ec0 Thread added: 0x000002345983e180
Event: 353.082 Thread 0x000002345ae70ec0 Thread added: 0x000002345983ffe0
Event: 353.082 Thread 0x000002345ae70ec0 Thread added: 0x000002345983eba0
Event: 353.082 Thread 0x000002345ae70ec0 Thread added: 0x000002345983c320
Event: 353.083 Thread 0x000002345ae70ec0 Thread added: 0x000002345983be10
Event: 353.110 Thread 0x000002345ae70ec0 Thread added: 0x000002345983aee0
Event: 353.131 Thread 0x0000023459840f10 Thread exited: 0x0000023459840f10
Event: 353.141 Thread 0x000002345983c830 Thread exited: 0x000002345983c830
Event: 353.162 Thread 0x000002345983e180 Thread exited: 0x000002345983e180
Event: 353.184 Thread 0x000002345983ffe0 Thread exited: 0x000002345983ffe0
Event: 353.186 Thread 0x000002345983eba0 Thread exited: 0x000002345983eba0
Event: 353.218 Thread 0x000002345983c320 Thread exited: 0x000002345983c320
Event: 353.222 Thread 0x000002345983be10 Thread exited: 0x000002345983be10
Event: 353.224 Thread 0x000002345983aee0 Thread exited: 0x000002345983aee0
Event: 353.725 Thread 0x000002345ae70ec0 Thread added: 0x0000023459840a00
Event: 353.740 Thread 0x0000023459840a00 Thread exited: 0x0000023459840a00


Dynamic libraries:
0x00007ff6b49d0000 - 0x00007ff6b49de000 	c:\Users\holah\.vscode\extensions\redhat.java-1.37.0-win32-x64\jre\17.0.13-win32-x86_64\bin\java.exe
0x00007ff944df0000 - 0x00007ff944fe8000 	C:\Windows\SYSTEM32\ntdll.dll
0x00007ff943100000 - 0x00007ff9431bd000 	C:\Windows\System32\KERNEL32.DLL
0x00007ff942ad0000 - 0x00007ff942dc6000 	C:\Windows\System32\KERNELBASE.dll
0x00007ff942730000 - 0x00007ff942830000 	C:\Windows\System32\ucrtbase.dll
0x00007ff93ac10000 - 0x00007ff93ac27000 	c:\Users\holah\.vscode\extensions\redhat.java-1.37.0-win32-x64\jre\17.0.13-win32-x86_64\bin\jli.dll
0x00007ff9438e0000 - 0x00007ff943a7e000 	C:\Windows\System32\USER32.dll
0x00007ff942830000 - 0x00007ff942852000 	C:\Windows\System32\win32u.dll
0x00007ff9431d0000 - 0x00007ff9431fc000 	C:\Windows\System32\GDI32.dll
0x00007ff942580000 - 0x00007ff94269a000 	C:\Windows\System32\gdi32full.dll
0x00007ff942860000 - 0x00007ff9428fd000 	C:\Windows\System32\msvcp_win.dll
0x00007ff9390e0000 - 0x00007ff9390fe000 	c:\Users\holah\.vscode\extensions\redhat.java-1.37.0-win32-x64\jre\17.0.13-win32-x86_64\bin\VCRUNTIME140.dll
0x00007ff929f00000 - 0x00007ff92a19a000 	C:\Windows\WinSxS\amd64_microsoft.windows.common-controls_6595b64144ccf1df_6.0.19041.3636_none_60b6a03d71f818d5\COMCTL32.dll
0x00007ff944650000 - 0x00007ff9446ee000 	C:\Windows\System32\msvcrt.dll
0x00007ff9447b0000 - 0x00007ff9447e0000 	C:\Windows\System32\IMM32.DLL
0x00007ff93fd60000 - 0x00007ff93fd6c000 	c:\Users\holah\.vscode\extensions\redhat.java-1.37.0-win32-x64\jre\17.0.13-win32-x86_64\bin\vcruntime140_1.dll
0x00007ff9318f0000 - 0x00007ff93197d000 	c:\Users\holah\.vscode\extensions\redhat.java-1.37.0-win32-x64\jre\17.0.13-win32-x86_64\bin\msvcp140.dll
0x00007ff913af0000 - 0x00007ff91475b000 	c:\Users\holah\.vscode\extensions\redhat.java-1.37.0-win32-x64\jre\17.0.13-win32-x86_64\bin\server\jvm.dll
0x00007ff944700000 - 0x00007ff9447af000 	C:\Windows\System32\ADVAPI32.dll
0x00007ff9437d0000 - 0x00007ff94386c000 	C:\Windows\System32\sechost.dll
0x00007ff9436a0000 - 0x00007ff9437c6000 	C:\Windows\System32\RPCRT4.dll
0x00007ff943870000 - 0x00007ff9438db000 	C:\Windows\System32\WS2_32.dll
0x00007ff942280000 - 0x00007ff9422cb000 	C:\Windows\SYSTEM32\POWRPROF.dll
0x00007ff928500000 - 0x00007ff928527000 	C:\Windows\SYSTEM32\WINMM.dll
0x00007ff93b3c0000 - 0x00007ff93b3ca000 	C:\Windows\SYSTEM32\VERSION.dll
0x00007ff942260000 - 0x00007ff942272000 	C:\Windows\SYSTEM32\UMPDC.dll
0x00007ff9403b0000 - 0x00007ff9403c2000 	C:\Windows\SYSTEM32\kernel.appcore.dll
0x00007ff93fb90000 - 0x00007ff93fb9a000 	c:\Users\holah\.vscode\extensions\redhat.java-1.37.0-win32-x64\jre\17.0.13-win32-x86_64\bin\jimage.dll
0x00007ff930510000 - 0x00007ff9306f4000 	C:\Windows\SYSTEM32\DBGHELP.DLL
0x00007ff9304d0000 - 0x00007ff930504000 	C:\Windows\SYSTEM32\dbgcore.DLL
0x00007ff9426a0000 - 0x00007ff942722000 	C:\Windows\System32\bcryptPrimitives.dll
0x00007ff93ac00000 - 0x00007ff93ac0e000 	c:\Users\holah\.vscode\extensions\redhat.java-1.37.0-win32-x64\jre\17.0.13-win32-x86_64\bin\instrument.dll
0x00007ff9382c0000 - 0x00007ff9382e5000 	c:\Users\holah\.vscode\extensions\redhat.java-1.37.0-win32-x64\jre\17.0.13-win32-x86_64\bin\java.dll
0x00007ff9382a0000 - 0x00007ff9382b8000 	c:\Users\holah\.vscode\extensions\redhat.java-1.37.0-win32-x64\jre\17.0.13-win32-x86_64\bin\zip.dll
0x00007ff943f00000 - 0x00007ff944645000 	C:\Windows\System32\SHELL32.dll
0x00007ff9405b0000 - 0x00007ff940d4b000 	C:\Windows\SYSTEM32\windows.storage.dll
0x00007ff943270000 - 0x00007ff9435c4000 	C:\Windows\System32\combase.dll
0x00007ff941e40000 - 0x00007ff941e6d000 	C:\Windows\SYSTEM32\Wldp.dll
0x00007ff944890000 - 0x00007ff94493d000 	C:\Windows\System32\SHCORE.dll
0x00007ff942e50000 - 0x00007ff942ea5000 	C:\Windows\System32\shlwapi.dll
0x00007ff942400000 - 0x00007ff942425000 	C:\Windows\SYSTEM32\profapi.dll
0x00007ff93fdf0000 - 0x00007ff93fe09000 	C:\Users\holah\.vscode\extensions\redhat.java-1.37.0-win32-x64\jre\17.0.13-win32-x86_64\bin\net.dll
0x00007ff93b3f0000 - 0x00007ff93b4fa000 	C:\Windows\SYSTEM32\WINHTTP.dll
0x00007ff941ba0000 - 0x00007ff941c0a000 	C:\Windows\system32\mswsock.dll
0x00007ff938280000 - 0x00007ff938296000 	C:\Users\holah\.vscode\extensions\redhat.java-1.37.0-win32-x64\jre\17.0.13-win32-x86_64\bin\nio.dll
0x00007ff93fdb0000 - 0x00007ff93fdc0000 	c:\Users\holah\.vscode\extensions\redhat.java-1.37.0-win32-x64\jre\17.0.13-win32-x86_64\bin\verify.dll
0x00007ff936a30000 - 0x00007ff936a75000 	C:\Users\holah\AppData\Roaming\Code\User\globalStorage\redhat.java\1.37.0\config_win\org.eclipse.equinox.launcher\org.eclipse.equinox.launcher.win32.win32.x86_64_1.2.1100.v20240722-2106\eclipse_11904.dll
0x00007ff942fd0000 - 0x00007ff9430fb000 	C:\Windows\System32\ole32.dll
0x00007ff941d90000 - 0x00007ff941da8000 	C:\Windows\SYSTEM32\CRYPTSP.dll
0x00007ff9414d0000 - 0x00007ff941504000 	C:\Windows\system32\rsaenh.dll
0x00007ff942e20000 - 0x00007ff942e47000 	C:\Windows\System32\bcrypt.dll
0x00007ff942380000 - 0x00007ff9423ae000 	C:\Windows\SYSTEM32\USERENV.dll
0x00007ff941db0000 - 0x00007ff941dbc000 	C:\Windows\SYSTEM32\CRYPTBASE.dll
0x00007ff941890000 - 0x00007ff9418cb000 	C:\Windows\SYSTEM32\IPHLPAPI.DLL
0x00007ff9446f0000 - 0x00007ff9446f8000 	C:\Windows\System32\NSI.dll
0x00007ff93b7c0000 - 0x00007ff93b7d7000 	C:\Windows\SYSTEM32\dhcpcsvc6.DLL
0x00007ff93b7a0000 - 0x00007ff93b7bd000 	C:\Windows\SYSTEM32\dhcpcsvc.DLL
0x00007ff9418e0000 - 0x00007ff9419aa000 	C:\Windows\SYSTEM32\DNSAPI.dll
0x00007ff932cc0000 - 0x00007ff932d09000 	C:\Users\holah\AppData\Local\Temp\jna-99459884\jna7781852921617979163.dll
0x00007ff9431c0000 - 0x00007ff9431c8000 	C:\Windows\System32\PSAPI.DLL
0x00007ff93ab90000 - 0x00007ff93ab9e000 	C:\Users\holah\.vscode\extensions\redhat.java-1.37.0-win32-x64\jre\17.0.13-win32-x86_64\bin\sunmscapi.dll
0x00007ff942900000 - 0x00007ff942a5d000 	C:\Windows\System32\CRYPT32.dll
0x00007ff941eb0000 - 0x00007ff941ed7000 	C:\Windows\SYSTEM32\ncrypt.dll
0x00007ff941e70000 - 0x00007ff941eab000 	C:\Windows\SYSTEM32\NTASN1.dll
0x00007ff93ad10000 - 0x00007ff93ad1a000 	C:\Windows\System32\rasadhlp.dll
0x00007ff93ac30000 - 0x00007ff93acb0000 	C:\Windows\System32\fwpuclnt.dll
0x00007ff93a9c0000 - 0x00007ff93a9c9000 	C:\Users\holah\.vscode\extensions\redhat.java-1.37.0-win32-x64\jre\17.0.13-win32-x86_64\bin\extnet.dll

dbghelp: loaded successfully - version: 4.0.5 - missing functions: none
symbol engine: initialized successfully - sym options: 0x614 - pdb path: .;c:\Users\holah\.vscode\extensions\redhat.java-1.37.0-win32-x64\jre\17.0.13-win32-x86_64\bin;C:\Windows\SYSTEM32;C:\Windows\WinSxS\amd64_microsoft.windows.common-controls_6595b64144ccf1df_6.0.19041.3636_none_60b6a03d71f818d5;c:\Users\holah\.vscode\extensions\redhat.java-1.37.0-win32-x64\jre\17.0.13-win32-x86_64\bin\server;C:\Users\holah\AppData\Roaming\Code\User\globalStorage\redhat.java\1.37.0\config_win\org.eclipse.equinox.launcher\org.eclipse.equinox.launcher.win32.win32.x86_64_1.2.1100.v20240722-2106;C:\Users\holah\AppData\Local\Temp\jna-99459884

VM Arguments:
jvm_args: --add-modules=ALL-SYSTEM --add-opens=java.base/java.util=ALL-UNNAMED --add-opens=java.base/java.lang=ALL-UNNAMED --add-opens=java.base/sun.nio.fs=ALL-UNNAMED -Declipse.application=org.eclipse.jdt.ls.core.id1 -Dosgi.bundles.defaultStartLevel=4 -Declipse.product=org.eclipse.jdt.ls.core.product -Djava.import.generatesMetadataFilesAtProjectRoot=false -DDetectVMInstallationsJob.disabled=true -Dfile.encoding=utf8 -XX:+UseParallelGC -XX:GCTimeRatio=4 -XX:AdaptiveSizePolicyWeight=90 -Dsun.zip.disableMemoryMapping=true -Xmx1G -Xms100m -Xlog:disable -javaagent:c:\Users\holah\.vscode\extensions\redhat.java-1.37.0-win32-x64\lombok\lombok-1.18.34.jar -XX:+HeapDumpOnOutOfMemoryError -XX:HeapDumpPath=c:\Users\holah\AppData\Roaming\Code\User\workspaceStorage\fd6dd0623cfd37d927d0aafaec5638fa\redhat.java -Daether.dependencyCollector.impl=bf 
java_command: c:\Users\holah\.vscode\extensions\redhat.java-1.37.0-win32-x64\server\plugins\org.eclipse.equinox.launcher_1.6.900.v20240613-2009.jar -configuration c:\Users\holah\AppData\Roaming\Code\User\globalStorage\redhat.java\1.37.0\config_win -data c:\Users\holah\AppData\Roaming\Code\User\workspaceStorage\fd6dd0623cfd37d927d0aafaec5638fa\redhat.java\jdt_ws --pipe=\\.\pipe\lsp-22bc81e0e72678ae94aab388ee0488da-sock
java_class_path (initial): c:\Users\holah\.vscode\extensions\redhat.java-1.37.0-win32-x64\server\plugins\org.eclipse.equinox.launcher_1.6.900.v20240613-2009.jar
Launcher Type: SUN_STANDARD

[Global flags]
    uintx AdaptiveSizePolicyWeight                 = 90                                        {product} {command line}
     intx CICompilerCount                          = 2                                         {product} {ergonomic}
    uintx GCTimeRatio                              = 4                                         {product} {command line}
     bool HeapDumpOnOutOfMemoryError               = true                                   {manageable} {command line}
    ccstr HeapDumpPath                             = c:\Users\holah\AppData\Roaming\Code\User\workspaceStorage\fd6dd0623cfd37d927d0aafaec5638fa\redhat.java         {manageable} {command line}
   size_t InitialHeapSize                          = 104857600                                 {product} {command line}
   size_t MaxHeapSize                              = 1073741824                                {product} {command line}
   size_t MaxNewSize                               = 357564416                                 {product} {ergonomic}
   size_t MinHeapDeltaBytes                        = 524288                                    {product} {ergonomic}
   size_t MinHeapSize                              = 104857600                                 {product} {command line}
   size_t NewSize                                  = 34603008                                  {product} {ergonomic}
    uintx NonNMethodCodeHeapSize                   = 5826188                                {pd product} {ergonomic}
    uintx NonProfiledCodeHeapSize                  = 122916026                              {pd product} {ergonomic}
   size_t OldSize                                  = 70254592                                  {product} {ergonomic}
    uintx ProfiledCodeHeapSize                     = 122916026                              {pd product} {ergonomic}
    uintx ReservedCodeCacheSize                    = 251658240                              {pd product} {ergonomic}
     bool SegmentedCodeCache                       = true                                      {product} {ergonomic}
   size_t SoftMaxHeapSize                          = 1073741824                             {manageable} {ergonomic}
     bool UseCompressedClassPointers               = true                           {product lp64_product} {ergonomic}
     bool UseCompressedOops                        = true                           {product lp64_product} {ergonomic}
     bool UseLargePagesIndividualAllocation        = false                                  {pd product} {ergonomic}
     bool UseParallelGC                            = true                                      {product} {command line}

Logging:
Log output configuration:
 #0: stdout all=off uptime,level,tags
 #1: stderr all=off uptime,level,tags

Environment Variables:
PATH=C:\Program Files\Eclipse Adoptium\jdk-21.0.5.11-hotspot\bin;C:\Windows\system32;C:\Windows;C:\Windows\System32\Wbem;C:\Windows\System32\WindowsPowerShell\v1.0\;C:\Windows\System32\OpenSSH\;C:\Users\holah\AppData\Local\Microsoft\WindowsApps;C:\Users\holah\AppData\Local\Programs\Microsoft VS Code\bin
USERNAME=holah
OS=Windows_NT
PROCESSOR_IDENTIFIER=Intel64 Family 6 Model 165 Stepping 5, GenuineIntel
TMP=C:\Users\holah\AppData\Local\Temp
TEMP=C:\Users\holah\AppData\Local\Temp



Periodic native trim disabled


---------------  S Y S T E M  ---------------

OS:
 Windows 10 , 64 bit Build 19041 (10.0.19041.3636)
OS uptime: 0 days 1:00 hours

CPU: total 1 (initial active 1) (1 cores per cpu, 1 threads per core) family 6 model 165 stepping 5 microcode 0x0, cx8, cmov, fxsr, mmx, 3dnowpref, sse, sse2, sse3, ssse3, sse4.1, sse4.2, popcnt, lzcnt, tsc, tscinvbit, avx, avx2, aes, clmul, bmi1, bmi2, vzeroupper, clflush, clflushopt, hv
Processor Information for all 1 processors :
  Max Mhz: 4104, Current Mhz: 4104, Mhz Limit: 4104

Memory: 4k page, system-wide physical 2047M (237M free)
TotalPageFile size 3634M (AvailPageFile size 7M)
current process WorkingSet (physical memory assigned to process): 376M, peak: 593M
current process commit charge ("private bytes"): 557M, peak: 648M

vm_info: OpenJDK 64-Bit Server VM (17.0.13+11) for windows-amd64 JRE (17.0.13+11), built on Oct 16 2024 00:10:08 by "admin" with MS VC++ 17.7 (VS2022)

END.
