#
# There is insufficient memory for the Java Runtime Environment to continue.
# Native memory allocation (malloc) failed to allocate 666000 bytes. Error detail: Chunk::new
# Possible reasons:
#   The system is out of physical RAM or swap space
#   This process is running with CompressedOops enabled, and the Java Heap may be blocking the growth of the native heap
# Possible solutions:
#   Reduce memory load on the system
#   Increase physical memory or swap space
#   Check if swap backing store is full
#   Decrease Java heap size (-Xmx/-Xms)
#   Decrease number of Java threads
#   Decrease Java thread stack sizes (-Xss)
#   Set larger code cache with -XX:ReservedCodeCacheSize=
#   JVM is running with Unscaled Compressed Oops mode in which the Java heap is
#     placed in the first 4GB address space. The Java Heap base address is the
#     maximum limit for the native heap growth. Please use -XX:HeapBaseMinAddress
#     to set the Java Heap base and to place the Java Heap above 4GB virtual address.
# This output file may be truncated or incomplete.
#
#  Out of Memory Error (arena.cpp:191), pid=4952, tid=3560
#
# JRE version: OpenJDK Runtime Environment Temurin-17.0.13+11 (17.0.13+11) (build 17.0.13+11)
# Java VM: OpenJDK 64-Bit Server VM Temurin-17.0.13+11 (17.0.13+11, mixed mode, tiered, compressed oops, compressed class ptrs, parallel gc, windows-amd64)
# No core dump will be written. Minidumps are not enabled by default on client versions of Windows
#

---------------  S U M M A R Y ------------

Command Line: --add-modules=ALL-SYSTEM --add-opens=java.base/java.util=ALL-UNNAMED --add-opens=java.base/java.lang=ALL-UNNAMED --add-opens=java.base/sun.nio.fs=ALL-UNNAMED -Declipse.application=org.eclipse.jdt.ls.core.id1 -Dosgi.bundles.defaultStartLevel=4 -Declipse.product=org.eclipse.jdt.ls.core.product -Djava.import.generatesMetadataFilesAtProjectRoot=false -DDetectVMInstallationsJob.disabled=true -Dfile.encoding=utf8 -XX:+UseParallelGC -XX:GCTimeRatio=4 -XX:AdaptiveSizePolicyWeight=90 -Dsun.zip.disableMemoryMapping=true -Xmx1G -Xms100m -Xlog:disable -javaagent:c:\Users\holah\.vscode\extensions\redhat.java-1.37.0-win32-x64\lombok\lombok-1.18.34.jar c:\Users\holah\.vscode\extensions\redhat.java-1.37.0-win32-x64\server\plugins\org.eclipse.equinox.launcher_1.6.900.v20240613-2009.jar -configuration c:\Users\holah\AppData\Roaming\Code\User\globalStorage\redhat.java\1.37.0\config_ss_win -data c:\Users\holah\AppData\Roaming\Code\User\workspaceStorage\5824305e4b55f3a71a0b4ebeb60a0185\redhat.java\ss_ws --pipe=\\.\pipe\lsp-d82fb3bac90783cd34d9aea2a9d0b00d-sock

Host: Intel(R) Core(TM) i5-10600K CPU @ 4.10GHz, 1 cores, 1G,  Windows 10 , 64 bit Build 19041 (10.0.19041.3636)
Time: Sun Dec  1 15:56:38 2024 Hora estándar romance elapsed time: 29.413211 seconds (0d 0h 0m 29s)

---------------  T H R E A D  ---------------

Current thread (0x000001c865d13e60):  JavaThread "C2 CompilerThread0" daemon [_thread_in_native, id=3560, stack(0x000000c39e800000,0x000000c39e900000)]


Current CompileTask:
C2:  29413 3836   !   4       java.nio.file.FileTreeWalker::next (144 bytes)

Stack: [0x000000c39e800000,0x000000c39e900000]
Native frames: (J=compiled Java code, j=interpreted, Vv=VM code, C=native code)
V  [jvm.dll+0x682a19]
V  [jvm.dll+0x839538]
V  [jvm.dll+0x83afe3]
V  [jvm.dll+0x83b653]
V  [jvm.dll+0x24704f]
V  [jvm.dll+0xace34]
V  [jvm.dll+0xad4cc]
V  [jvm.dll+0x36597e]
V  [jvm.dll+0x32fbd8]
V  [jvm.dll+0x32f05a]
V  [jvm.dll+0x21804f]
V  [jvm.dll+0x21748f]
V  [jvm.dll+0x1a3070]
V  [jvm.dll+0x22788c]
V  [jvm.dll+0x2259eb]
V  [jvm.dll+0x7eec98]
V  [jvm.dll+0x7e8ffc]
V  [jvm.dll+0x6818f7]
C  [ucrtbase.dll+0x21bb2]
C  [KERNEL32.DLL+0x17344]
C  [ntdll.dll+0x526b1]


---------------  P R O C E S S  ---------------

Threads class SMR info:
_java_thread_list=0x000001c86b7fd220, length=38, elements={
0x000001c84ffb6ac0, 0x000001c865ce0020, 0x000001c865ce2b50, 0x000001c865d0fba0,
0x000001c865d10a20, 0x000001c865d117a0, 0x000001c865d13170, 0x000001c865d13e60,
0x000001c865d77710, 0x000001c865d7a4d0, 0x000001c850071e20, 0x000001c86a76d760,
0x000001c86adbbfb0, 0x000001c86ac46870, 0x000001c86adfea50, 0x000001c86b052ea0,
0x000001c86a7ab0c0, 0x000001c86a7a9260, 0x000001c86a7ab5d0, 0x000001c86a7a9770,
0x000001c86a7a9c80, 0x000001c86a7abae0, 0x000001c86a7abff0, 0x000001c86a7ac500,
0x000001c86a7aa190, 0x000001c86a7aa6a0, 0x000001c86a7aabb0, 0x000001c86bcba4c0,
0x000001c86bcbc830, 0x000001c86bcbcd40, 0x000001c86bcbaee0, 0x000001c86bcbd250,
0x000001c86bcba9d0, 0x000001c86bcbb900, 0x000001c86bcbd760, 0x000001c86bcbdc70,
0x000001c86bcbb3f0, 0x000001c86bcbc320
}

Java Threads: ( => current thread )
  0x000001c84ffb6ac0 JavaThread "main" [_thread_blocked, id=2260, stack(0x000000c39df00000,0x000000c39e000000)]
  0x000001c865ce0020 JavaThread "Reference Handler" daemon [_thread_blocked, id=1600, stack(0x000000c39e200000,0x000000c39e300000)]
  0x000001c865ce2b50 JavaThread "Finalizer" daemon [_thread_blocked, id=3196, stack(0x000000c39e300000,0x000000c39e400000)]
  0x000001c865d0fba0 JavaThread "Signal Dispatcher" daemon [_thread_blocked, id=4068, stack(0x000000c39e400000,0x000000c39e500000)]
  0x000001c865d10a20 JavaThread "Attach Listener" daemon [_thread_blocked, id=3504, stack(0x000000c39e500000,0x000000c39e600000)]
  0x000001c865d117a0 JavaThread "Service Thread" daemon [_thread_blocked, id=1320, stack(0x000000c39e600000,0x000000c39e700000)]
  0x000001c865d13170 JavaThread "Monitor Deflation Thread" daemon [_thread_blocked, id=848, stack(0x000000c39e700000,0x000000c39e800000)]
=>0x000001c865d13e60 JavaThread "C2 CompilerThread0" daemon [_thread_in_native, id=3560, stack(0x000000c39e800000,0x000000c39e900000)]
  0x000001c865d77710 JavaThread "C1 CompilerThread0" daemon [_thread_blocked, id=4388, stack(0x000000c39e900000,0x000000c39ea00000)]
  0x000001c865d7a4d0 JavaThread "Sweeper thread" daemon [_thread_blocked, id=432, stack(0x000000c39ea00000,0x000000c39eb00000)]
  0x000001c850071e20 JavaThread "Common-Cleaner" daemon [_thread_blocked, id=5660, stack(0x000000c39eb00000,0x000000c39ec00000)]
  0x000001c86a76d760 JavaThread "Notification Thread" daemon [_thread_blocked, id=3896, stack(0x000000c39ec00000,0x000000c39ed00000)]
  0x000001c86adbbfb0 JavaThread "Active Thread: Equinox Container: fca07f79-8649-4008-9737-6d42b3715cf3" [_thread_blocked, id=5368, stack(0x000000c39ee00000,0x000000c39ef00000)]
  0x000001c86ac46870 JavaThread "Framework Event Dispatcher: Equinox Container: fca07f79-8649-4008-9737-6d42b3715cf3" daemon [_thread_blocked, id=5240, stack(0x000000c39ef00000,0x000000c39f000000)]
  0x000001c86adfea50 JavaThread "Start Level: Equinox Container: fca07f79-8649-4008-9737-6d42b3715cf3" daemon [_thread_blocked, id=6024, stack(0x000000c39f000000,0x000000c39f100000)]
  0x000001c86b052ea0 JavaThread "SCR Component Actor" daemon [_thread_blocked, id=4312, stack(0x000000c39f100000,0x000000c39f200000)]
  0x000001c86a7ab0c0 JavaThread "Worker-JM" [_thread_blocked, id=1632, stack(0x000000c39f300000,0x000000c39f400000)]
  0x000001c86a7a9260 JavaThread "JNA Cleaner" daemon [_thread_blocked, id=3568, stack(0x000000c39f200000,0x000000c39f300000)]
  0x000001c86a7ab5d0 JavaThread "Worker-0" [_thread_blocked, id=4064, stack(0x000000c39f400000,0x000000c39f500000)]
  0x000001c86a7a9770 JavaThread "Worker-1" [_thread_blocked, id=3248, stack(0x000000c39f600000,0x000000c39f700000)]
  0x000001c86a7a9c80 JavaThread "Thread-3" daemon [_thread_in_native, id=3032, stack(0x000000c39f500000,0x000000c39f600000)]
  0x000001c86a7abae0 JavaThread "Thread-4" daemon [_thread_in_native, id=5820, stack(0x000000c39f700000,0x000000c39f800000)]
  0x000001c86a7abff0 JavaThread "pool-2-thread-1" [_thread_blocked, id=668, stack(0x000000c39f800000,0x000000c39f900000)]
  0x000001c86a7ac500 JavaThread "Worker-2" [_thread_blocked, id=3392, stack(0x000000c39f900000,0x000000c39fa00000)]
  0x000001c86a7aa190 JavaThread "WorkspaceEventsHandler" [_thread_blocked, id=1344, stack(0x000000c39fa00000,0x000000c39fb00000)]
  0x000001c86a7aa6a0 JavaThread "pool-1-thread-1" [_thread_blocked, id=1260, stack(0x000000c39fb00000,0x000000c39fc00000)]
  0x000001c86a7aabb0 JavaThread "Thread-5" [_thread_blocked, id=3316, stack(0x000000c39fc00000,0x000000c39fd00000)]
  0x000001c86bcba4c0 JavaThread "Thread-6" [_thread_blocked, id=5408, stack(0x000000c39fd00000,0x000000c39fe00000)]
  0x000001c86bcbc830 JavaThread "Thread-7" [_thread_blocked, id=5380, stack(0x000000c39fe00000,0x000000c39ff00000)]
  0x000001c86bcbcd40 JavaThread "Thread-8" [_thread_blocked, id=488, stack(0x000000c39ff00000,0x000000c3a0000000)]
  0x000001c86bcbaee0 JavaThread "Thread-9" [_thread_blocked, id=3212, stack(0x000000c3a0000000,0x000000c3a0100000)]
  0x000001c86bcbd250 JavaThread "Thread-10" [_thread_blocked, id=1252, stack(0x000000c3a0100000,0x000000c3a0200000)]
  0x000001c86bcba9d0 JavaThread "Thread-11" [_thread_in_Java, id=5508, stack(0x000000c3a0200000,0x000000c3a0300000)]
  0x000001c86bcbb900 JavaThread "Thread-12" [_thread_blocked, id=4228, stack(0x000000c3a0300000,0x000000c3a0400000)]
  0x000001c86bcbd760 JavaThread "Thread-13" [_thread_blocked, id=5048, stack(0x000000c3a0400000,0x000000c3a0500000)]
  0x000001c86bcbdc70 JavaThread "Thread-14" [_thread_in_Java, id=1512, stack(0x000000c3a0500000,0x000000c3a0600000)]
  0x000001c86bcbb3f0 JavaThread "Thread-15" [_thread_blocked, id=5668, stack(0x000000c3a0600000,0x000000c3a0700000)]
  0x000001c86bcbc320 JavaThread "Thread-16" [_thread_blocked, id=2836, stack(0x000000c3a0700000,0x000000c3a0800000)]

Other Threads:
  0x000001c865cc8700 VMThread "VM Thread" [stack: 0x000000c39e100000,0x000000c39e200000] [id=2028]
  0x000001c86a76dc40 WatcherThread [stack: 0x000000c39ed00000,0x000000c39ee00000] [id=1264]
  0x000001c84ffcb250 GCTaskThread "GC Thread#0" [stack: 0x000000c39e000000,0x000000c39e100000] [id=3844]

Threads with active compile tasks:
C2 CompilerThread0    29461 3836   !   4       java.nio.file.FileTreeWalker::next (144 bytes)

VM state: not at safepoint (normal execution)

VM Mutex/Monitor currently owned by a thread: None

Heap address: 0x00000000c0000000, size: 1024 MB, Compressed Oops mode: 32-bit

CDS archive(s) not mapped
Compressed class space mapped at: 0x0000000100000000-0x0000000140000000, reserved size: 1073741824
Narrow klass base: 0x0000000000000000, Narrow klass shift: 3, Narrow klass range: 0x140000000

GC Precious Log:
 CPUs: 1 total, 1 available
 Memory: 2047M
 Large Page Support: Disabled
 NUMA Support: Disabled
 Compressed Oops: Enabled (32-bit)
 Alignments: Space 512K, Generation 512K, Heap 2M
 Heap Min Capacity: 100M
 Heap Initial Capacity: 100M
 Heap Max Capacity: 1G
 Pre-touch: Disabled
 Parallel Workers: 1

Heap:
 PSYoungGen      total 25088K, used 23968K [0x00000000eab00000, 0x00000000ec780000, 0x0000000100000000)
  eden space 23040K, 96% used [0x00000000eab00000,0x00000000ec0ab298,0x00000000ec180000)
  from space 2048K, 86% used [0x00000000ec580000,0x00000000ec73ceb8,0x00000000ec780000)
  to   space 2560K, 0% used [0x00000000ec280000,0x00000000ec280000,0x00000000ec500000)
 ParOldGen       total 68608K, used 12271K [0x00000000c0000000, 0x00000000c4300000, 0x00000000eab00000)
  object space 68608K, 17% used [0x00000000c0000000,0x00000000c0bfbfc0,0x00000000c4300000)
 Metaspace       used 39029K, committed 39744K, reserved 1114112K
  class space    used 3936K, committed 4224K, reserved 1048576K

Card table byte_map: [0x000001c863620000,0x000001c863830000] _byte_map_base: 0x000001c863020000

Marking Bits: (ParMarkBitMap*) 0x00007ff911d36940
 Begin Bits: [0x000001c863990000, 0x000001c864990000)
 End Bits:   [0x000001c864990000, 0x000001c865990000)

Polling page: 0x000001c850080000

Metaspace:

Usage:
  Non-class:     34.27 MB used.
      Class:      3.84 MB used.
       Both:     38.12 MB used.

Virtual space:
  Non-class space:       64.00 MB reserved,      34.69 MB ( 54%) committed,  1 nodes.
      Class space:        1.00 GB reserved,       4.12 MB ( <1%) committed,  1 nodes.
             Both:        1.06 GB reserved,      38.81 MB (  4%) committed. 

Chunk freelists:
   Non-Class:  12.42 MB
       Class:  11.77 MB
        Both:  24.19 MB

MaxMetaspaceSize: unlimited
CompressedClassSpaceSize: 1.00 GB
Initial GC threshold: 21.00 MB
Current GC threshold: 58.38 MB
CDS: off
MetaspaceReclaimPolicy: balanced
 - commit_granule_bytes: 65536.
 - commit_granule_words: 8192.
 - virtual_space_node_default_size: 8388608.
 - enlarge_chunks_in_place: 1.
 - new_chunks_are_fully_committed: 0.
 - uncommit_free_chunks: 1.
 - use_allocation_guard: 0.
 - handle_deallocations: 1.


Internal statistics:

num_allocs_failed_limit: 6.
num_arena_births: 472.
num_arena_deaths: 14.
num_vsnodes_births: 2.
num_vsnodes_deaths: 0.
num_space_committed: 621.
num_space_uncommitted: 0.
num_chunks_returned_to_freelist: 26.
num_chunks_taken_from_freelist: 1728.
num_chunk_merges: 13.
num_chunk_splits: 1108.
num_chunks_enlarged: 707.
num_inconsistent_stats: 0.

CodeHeap 'non-profiled nmethods': size=120064Kb used=1749Kb max_used=1749Kb free=118314Kb
 bounds [0x000001c85bf00000, 0x000001c85c170000, 0x000001c863440000]
CodeHeap 'profiled nmethods': size=120000Kb used=7804Kb max_used=7804Kb free=112195Kb
 bounds [0x000001c854440000, 0x000001c854be0000, 0x000001c85b970000]
CodeHeap 'non-nmethods': size=5696Kb used=1293Kb max_used=1330Kb free=4402Kb
 bounds [0x000001c85b970000, 0x000001c85bbe0000, 0x000001c85bf00000]
 total_blobs=4475 nmethods=3850 adapters=539
 compilation: enabled
              stopped_count=0, restarted_count=0
 full_count=0

Compilation events (20 events):
Event: 29.331 Thread 0x000001c865d77710 nmethod 3826 0x000001c854bd2810 code [0x000001c854bd29e0, 0x000001c854bd2cf8]
Event: 29.331 Thread 0x000001c865d77710 3827       3       java.util.ImmutableCollections$MapN$MapNIterator::hasNext (13 bytes)
Event: 29.331 Thread 0x000001c865d77710 nmethod 3827 0x000001c854bd2e90 code [0x000001c854bd3020, 0x000001c854bd3178]
Event: 29.331 Thread 0x000001c865d77710 3828       3       org.eclipse.jdt.internal.core.PackageFragmentRoot::getPath (5 bytes)
Event: 29.331 Thread 0x000001c865d77710 nmethod 3828 0x000001c854bd3210 code [0x000001c854bd33c0, 0x000001c854bd3588]
Event: 29.331 Thread 0x000001c865d77710 3829       3       org.eclipse.jdt.internal.core.JarPackageFragmentRoot::internalPath (17 bytes)
Event: 29.331 Thread 0x000001c865d77710 nmethod 3829 0x000001c854bd3610 code [0x000001c854bd3800, 0x000001c854bd3e58]
Event: 29.331 Thread 0x000001c865d77710 3830       3       sun.nio.fs.WindowsPath::elementAsString (62 bytes)
Event: 29.332 Thread 0x000001c865d77710 nmethod 3830 0x000001c854bd4010 code [0x000001c854bd4220, 0x000001c854bd46c8]
Event: 29.332 Thread 0x000001c865d77710 3831       3       org.eclipse.jdt.internal.core.JavaElement::escapeMementoName (6 bytes)
Event: 29.332 Thread 0x000001c865d77710 nmethod 3831 0x000001c854bd4a10 code [0x000001c854bd4ba0, 0x000001c854bd4ce8]
Event: 29.337 Thread 0x000001c865d13e60 3832       4       jdk.internal.jimage.ImageLocation::decompress (116 bytes)
Event: 29.342 Thread 0x000001c865d13e60 nmethod 3832 0x000001c85c0b0610 code [0x000001c85c0b07a0, 0x000001c85c0b0d58]
Event: 29.343 Thread 0x000001c865d13e60 3833       4       org.eclipse.jdt.internal.core.util.Util::splitOn (134 bytes)
Event: 29.354 Thread 0x000001c865d13e60 nmethod 3833 0x000001c85c0b1110 code [0x000001c85c0b1300, 0x000001c85c0b2278]
Event: 29.355 Thread 0x000001c865d13e60 3834       4       jdk.internal.jrtfs.JrtPath::checkPath (49 bytes)
Event: 29.355 Thread 0x000001c865d13e60 nmethod 3834 0x000001c85c0b2b90 code [0x000001c85c0b2d00, 0x000001c85c0b2db8]
Event: 29.355 Thread 0x000001c865d13e60 3835       4       java.util.Spliterators$1Adapter::hasNext (23 bytes)
Event: 29.371 Thread 0x000001c865d13e60 nmethod 3835 0x000001c85c0b2e90 code [0x000001c85c0b3160, 0x000001c85c0b4258]
Event: 29.372 Thread 0x000001c865d13e60 3836   !   4       java.nio.file.FileTreeWalker::next (144 bytes)

GC Heap History (20 events):
Event: 8.851 GC heap before
{Heap before GC invocations=3 (full 0):
 PSYoungGen      total 29696K, used 29667K [0x00000000eab00000, 0x00000000ecc00000, 0x0000000100000000)
  eden space 25600K, 100% used [0x00000000eab00000,0x00000000ec400000,0x00000000ec400000)
  from space 4096K, 99% used [0x00000000ec800000,0x00000000ecbf8f98,0x00000000ecc00000)
  to   space 4096K, 0% used [0x00000000ec400000,0x00000000ec400000,0x00000000ec800000)
 ParOldGen       total 68608K, used 846K [0x00000000c0000000, 0x00000000c4300000, 0x00000000eab00000)
  object space 68608K, 1% used [0x00000000c0000000,0x00000000c00d3820,0x00000000c4300000)
 Metaspace       used 19824K, committed 20224K, reserved 1114112K
  class space    used 2019K, committed 2176K, reserved 1048576K
}
Event: 8.861 GC heap after
{Heap after GC invocations=3 (full 0):
 PSYoungGen      total 29696K, used 4066K [0x00000000eab00000, 0x00000000ecc00000, 0x0000000100000000)
  eden space 25600K, 0% used [0x00000000eab00000,0x00000000eab00000,0x00000000ec400000)
  from space 4096K, 99% used [0x00000000ec400000,0x00000000ec7f8a78,0x00000000ec800000)
  to   space 4096K, 0% used [0x00000000ec800000,0x00000000ec800000,0x00000000ecc00000)
 ParOldGen       total 68608K, used 2525K [0x00000000c0000000, 0x00000000c4300000, 0x00000000eab00000)
  object space 68608K, 3% used [0x00000000c0000000,0x00000000c0277778,0x00000000c4300000)
 Metaspace       used 19824K, committed 20224K, reserved 1114112K
  class space    used 2019K, committed 2176K, reserved 1048576K
}
Event: 9.769 GC heap before
{Heap before GC invocations=4 (full 0):
 PSYoungGen      total 29696K, used 10751K [0x00000000eab00000, 0x00000000ecc00000, 0x0000000100000000)
  eden space 25600K, 26% used [0x00000000eab00000,0x00000000eb187248,0x00000000ec400000)
  from space 4096K, 99% used [0x00000000ec400000,0x00000000ec7f8a78,0x00000000ec800000)
  to   space 4096K, 0% used [0x00000000ec800000,0x00000000ec800000,0x00000000ecc00000)
 ParOldGen       total 68608K, used 2525K [0x00000000c0000000, 0x00000000c4300000, 0x00000000eab00000)
  object space 68608K, 3% used [0x00000000c0000000,0x00000000c0277778,0x00000000c4300000)
 Metaspace       used 21158K, committed 21504K, reserved 1114112K
  class space    used 2155K, committed 2304K, reserved 1048576K
}
Event: 9.776 GC heap after
{Heap after GC invocations=4 (full 0):
 PSYoungGen      total 29696K, used 4064K [0x00000000eab00000, 0x00000000ecc00000, 0x0000000100000000)
  eden space 25600K, 0% used [0x00000000eab00000,0x00000000eab00000,0x00000000ec400000)
  from space 4096K, 99% used [0x00000000ec800000,0x00000000ecbf8118,0x00000000ecc00000)
  to   space 4096K, 0% used [0x00000000ec400000,0x00000000ec400000,0x00000000ec800000)
 ParOldGen       total 68608K, used 2917K [0x00000000c0000000, 0x00000000c4300000, 0x00000000eab00000)
  object space 68608K, 4% used [0x00000000c0000000,0x00000000c02d9778,0x00000000c4300000)
 Metaspace       used 21158K, committed 21504K, reserved 1114112K
  class space    used 2155K, committed 2304K, reserved 1048576K
}
Event: 9.776 GC heap before
{Heap before GC invocations=5 (full 1):
 PSYoungGen      total 29696K, used 4064K [0x00000000eab00000, 0x00000000ecc00000, 0x0000000100000000)
  eden space 25600K, 0% used [0x00000000eab00000,0x00000000eab00000,0x00000000ec400000)
  from space 4096K, 99% used [0x00000000ec800000,0x00000000ecbf8118,0x00000000ecc00000)
  to   space 4096K, 0% used [0x00000000ec400000,0x00000000ec400000,0x00000000ec800000)
 ParOldGen       total 68608K, used 2917K [0x00000000c0000000, 0x00000000c4300000, 0x00000000eab00000)
  object space 68608K, 4% used [0x00000000c0000000,0x00000000c02d9778,0x00000000c4300000)
 Metaspace       used 21158K, committed 21504K, reserved 1114112K
  class space    used 2155K, committed 2304K, reserved 1048576K
}
Event: 9.818 GC heap after
{Heap after GC invocations=5 (full 1):
 PSYoungGen      total 29696K, used 0K [0x00000000eab00000, 0x00000000ecc00000, 0x0000000100000000)
  eden space 25600K, 0% used [0x00000000eab00000,0x00000000eab00000,0x00000000ec400000)
  from space 4096K, 0% used [0x00000000ec800000,0x00000000ec800000,0x00000000ecc00000)
  to   space 4096K, 0% used [0x00000000ec400000,0x00000000ec400000,0x00000000ec800000)
 ParOldGen       total 68608K, used 6853K [0x00000000c0000000, 0x00000000c4300000, 0x00000000eab00000)
  object space 68608K, 9% used [0x00000000c0000000,0x00000000c06b14a0,0x00000000c4300000)
 Metaspace       used 21145K, committed 21504K, reserved 1114112K
  class space    used 2151K, committed 2304K, reserved 1048576K
}
Event: 15.283 GC heap before
{Heap before GC invocations=6 (full 1):
 PSYoungGen      total 29696K, used 25600K [0x00000000eab00000, 0x00000000ecc00000, 0x0000000100000000)
  eden space 25600K, 100% used [0x00000000eab00000,0x00000000ec400000,0x00000000ec400000)
  from space 4096K, 0% used [0x00000000ec800000,0x00000000ec800000,0x00000000ecc00000)
  to   space 4096K, 0% used [0x00000000ec400000,0x00000000ec400000,0x00000000ec800000)
 ParOldGen       total 68608K, used 6853K [0x00000000c0000000, 0x00000000c4300000, 0x00000000eab00000)
  object space 68608K, 9% used [0x00000000c0000000,0x00000000c06b14a0,0x00000000c4300000)
 Metaspace       used 24066K, committed 24576K, reserved 1114112K
  class space    used 2451K, committed 2688K, reserved 1048576K
}
Event: 15.286 GC heap after
{Heap after GC invocations=6 (full 1):
 PSYoungGen      total 27648K, used 2154K [0x00000000eab00000, 0x00000000eca80000, 0x0000000100000000)
  eden space 25088K, 0% used [0x00000000eab00000,0x00000000eab00000,0x00000000ec380000)
  from space 2560K, 84% used [0x00000000ec400000,0x00000000ec61a968,0x00000000ec680000)
  to   space 3584K, 0% used [0x00000000ec700000,0x00000000ec700000,0x00000000eca80000)
 ParOldGen       total 68608K, used 6853K [0x00000000c0000000, 0x00000000c4300000, 0x00000000eab00000)
  object space 68608K, 9% used [0x00000000c0000000,0x00000000c06b14a0,0x00000000c4300000)
 Metaspace       used 24066K, committed 24576K, reserved 1114112K
  class space    used 2451K, committed 2688K, reserved 1048576K
}
Event: 17.928 GC heap before
{Heap before GC invocations=7 (full 1):
 PSYoungGen      total 27648K, used 27092K [0x00000000eab00000, 0x00000000eca80000, 0x0000000100000000)
  eden space 25088K, 99% used [0x00000000eab00000,0x00000000ec35a760,0x00000000ec380000)
  from space 2560K, 84% used [0x00000000ec400000,0x00000000ec61a968,0x00000000ec680000)
  to   space 3584K, 0% used [0x00000000ec700000,0x00000000ec700000,0x00000000eca80000)
 ParOldGen       total 68608K, used 6853K [0x00000000c0000000, 0x00000000c4300000, 0x00000000eab00000)
  object space 68608K, 9% used [0x00000000c0000000,0x00000000c06b14a0,0x00000000c4300000)
 Metaspace       used 28238K, committed 28736K, reserved 1114112K
  class space    used 2759K, committed 3008K, reserved 1048576K
}
Event: 17.931 GC heap after
{Heap after GC invocations=7 (full 1):
 PSYoungGen      total 27648K, used 2926K [0x00000000eab00000, 0x00000000eca00000, 0x0000000100000000)
  eden space 24576K, 0% used [0x00000000eab00000,0x00000000eab00000,0x00000000ec300000)
  from space 3072K, 95% used [0x00000000ec700000,0x00000000ec9db918,0x00000000eca00000)
  to   space 3584K, 0% used [0x00000000ec300000,0x00000000ec300000,0x00000000ec680000)
 ParOldGen       total 68608K, used 6853K [0x00000000c0000000, 0x00000000c4300000, 0x00000000eab00000)
  object space 68608K, 9% used [0x00000000c0000000,0x00000000c06b14a0,0x00000000c4300000)
 Metaspace       used 28238K, committed 28736K, reserved 1114112K
  class space    used 2759K, committed 3008K, reserved 1048576K
}
Event: 21.968 GC heap before
{Heap before GC invocations=8 (full 1):
 PSYoungGen      total 27648K, used 27502K [0x00000000eab00000, 0x00000000eca00000, 0x0000000100000000)
  eden space 24576K, 100% used [0x00000000eab00000,0x00000000ec300000,0x00000000ec300000)
  from space 3072K, 95% used [0x00000000ec700000,0x00000000ec9db918,0x00000000eca00000)
  to   space 3584K, 0% used [0x00000000ec300000,0x00000000ec300000,0x00000000ec680000)
 ParOldGen       total 68608K, used 6853K [0x00000000c0000000, 0x00000000c4300000, 0x00000000eab00000)
  object space 68608K, 9% used [0x00000000c0000000,0x00000000c06b14a0,0x00000000c4300000)
 Metaspace       used 30500K, committed 30912K, reserved 1114112K
  class space    used 2946K, committed 3136K, reserved 1048576K
}
Event: 21.973 GC heap after
{Heap after GC invocations=8 (full 1):
 PSYoungGen      total 27648K, used 3580K [0x00000000eab00000, 0x00000000ecb80000, 0x0000000100000000)
  eden space 24064K, 0% used [0x00000000eab00000,0x00000000eab00000,0x00000000ec280000)
  from space 3584K, 99% used [0x00000000ec300000,0x00000000ec67f1a8,0x00000000ec680000)
  to   space 4608K, 0% used [0x00000000ec700000,0x00000000ec700000,0x00000000ecb80000)
 ParOldGen       total 68608K, used 7560K [0x00000000c0000000, 0x00000000c4300000, 0x00000000eab00000)
  object space 68608K, 11% used [0x00000000c0000000,0x00000000c07620a0,0x00000000c4300000)
 Metaspace       used 30500K, committed 30912K, reserved 1114112K
  class space    used 2946K, committed 3136K, reserved 1048576K
}
Event: 23.273 GC heap before
{Heap before GC invocations=9 (full 1):
 PSYoungGen      total 27648K, used 27644K [0x00000000eab00000, 0x00000000ecb80000, 0x0000000100000000)
  eden space 24064K, 100% used [0x00000000eab00000,0x00000000ec280000,0x00000000ec280000)
  from space 3584K, 99% used [0x00000000ec300000,0x00000000ec67f1a8,0x00000000ec680000)
  to   space 4608K, 0% used [0x00000000ec700000,0x00000000ec700000,0x00000000ecb80000)
 ParOldGen       total 68608K, used 7560K [0x00000000c0000000, 0x00000000c4300000, 0x00000000eab00000)
  object space 68608K, 11% used [0x00000000c0000000,0x00000000c07620a0,0x00000000c4300000)
 Metaspace       used 34463K, committed 35136K, reserved 1114112K
  class space    used 3402K, committed 3648K, reserved 1048576K
}
Event: 23.281 GC heap after
{Heap after GC invocations=9 (full 1):
 PSYoungGen      total 28160K, used 4601K [0x00000000eab00000, 0x00000000ecc00000, 0x0000000100000000)
  eden space 23552K, 0% used [0x00000000eab00000,0x00000000eab00000,0x00000000ec200000)
  from space 4608K, 99% used [0x00000000ec700000,0x00000000ecb7e7f0,0x00000000ecb80000)
  to   space 5120K, 0% used [0x00000000ec200000,0x00000000ec200000,0x00000000ec700000)
 ParOldGen       total 68608K, used 7648K [0x00000000c0000000, 0x00000000c4300000, 0x00000000eab00000)
  object space 68608K, 11% used [0x00000000c0000000,0x00000000c07780b0,0x00000000c4300000)
 Metaspace       used 34463K, committed 35136K, reserved 1114112K
  class space    used 3402K, committed 3648K, reserved 1048576K
}
Event: 23.790 GC heap before
{Heap before GC invocations=10 (full 1):
 PSYoungGen      total 28160K, used 10249K [0x00000000eab00000, 0x00000000ecc00000, 0x0000000100000000)
  eden space 23552K, 23% used [0x00000000eab00000,0x00000000eb083f70,0x00000000ec200000)
  from space 4608K, 99% used [0x00000000ec700000,0x00000000ecb7e7f0,0x00000000ecb80000)
  to   space 5120K, 0% used [0x00000000ec200000,0x00000000ec200000,0x00000000ec700000)
 ParOldGen       total 68608K, used 7648K [0x00000000c0000000, 0x00000000c4300000, 0x00000000eab00000)
  object space 68608K, 11% used [0x00000000c0000000,0x00000000c07780b0,0x00000000c4300000)
 Metaspace       used 35298K, committed 35840K, reserved 1114112K
  class space    used 3509K, committed 3712K, reserved 1048576K
}
Event: 23.797 GC heap after
{Heap after GC invocations=10 (full 1):
 PSYoungGen      total 26112K, used 2342K [0x00000000eab00000, 0x00000000ec900000, 0x0000000100000000)
  eden space 23552K, 0% used [0x00000000eab00000,0x00000000eab00000,0x00000000ec200000)
  from space 2560K, 91% used [0x00000000ec200000,0x00000000ec4498a8,0x00000000ec480000)
  to   space 3584K, 0% used [0x00000000ec580000,0x00000000ec580000,0x00000000ec900000)
 ParOldGen       total 68608K, used 10123K [0x00000000c0000000, 0x00000000c4300000, 0x00000000eab00000)
  object space 68608K, 14% used [0x00000000c0000000,0x00000000c09e2e98,0x00000000c4300000)
 Metaspace       used 35298K, committed 35840K, reserved 1114112K
  class space    used 3509K, committed 3712K, reserved 1048576K
}
Event: 23.797 GC heap before
{Heap before GC invocations=11 (full 2):
 PSYoungGen      total 26112K, used 2342K [0x00000000eab00000, 0x00000000ec900000, 0x0000000100000000)
  eden space 23552K, 0% used [0x00000000eab00000,0x00000000eab00000,0x00000000ec200000)
  from space 2560K, 91% used [0x00000000ec200000,0x00000000ec4498a8,0x00000000ec480000)
  to   space 3584K, 0% used [0x00000000ec580000,0x00000000ec580000,0x00000000ec900000)
 ParOldGen       total 68608K, used 10123K [0x00000000c0000000, 0x00000000c4300000, 0x00000000eab00000)
  object space 68608K, 14% used [0x00000000c0000000,0x00000000c09e2e98,0x00000000c4300000)
 Metaspace       used 35298K, committed 35840K, reserved 1114112K
  class space    used 3509K, committed 3712K, reserved 1048576K
}
Event: 23.850 GC heap after
{Heap after GC invocations=11 (full 2):
 PSYoungGen      total 26112K, used 0K [0x00000000eab00000, 0x00000000ec900000, 0x0000000100000000)
  eden space 23552K, 0% used [0x00000000eab00000,0x00000000eab00000,0x00000000ec200000)
  from space 2560K, 0% used [0x00000000ec200000,0x00000000ec200000,0x00000000ec480000)
  to   space 3584K, 0% used [0x00000000ec580000,0x00000000ec580000,0x00000000ec900000)
 ParOldGen       total 68608K, used 12271K [0x00000000c0000000, 0x00000000c4300000, 0x00000000eab00000)
  object space 68608K, 17% used [0x00000000c0000000,0x00000000c0bfbfc0,0x00000000c4300000)
 Metaspace       used 35298K, committed 35840K, reserved 1114112K
  class space    used 3509K, committed 3712K, reserved 1048576K
}
Event: 29.046 GC heap before
{Heap before GC invocations=12 (full 2):
 PSYoungGen      total 26112K, used 23552K [0x00000000eab00000, 0x00000000ec900000, 0x0000000100000000)
  eden space 23552K, 100% used [0x00000000eab00000,0x00000000ec200000,0x00000000ec200000)
  from space 2560K, 0% used [0x00000000ec200000,0x00000000ec200000,0x00000000ec480000)
  to   space 3584K, 0% used [0x00000000ec580000,0x00000000ec580000,0x00000000ec900000)
 ParOldGen       total 68608K, used 12271K [0x00000000c0000000, 0x00000000c4300000, 0x00000000eab00000)
  object space 68608K, 17% used [0x00000000c0000000,0x00000000c0bfbfc0,0x00000000c4300000)
 Metaspace       used 38443K, committed 39040K, reserved 1114112K
  class space    used 3845K, committed 4096K, reserved 1048576K
}
Event: 29.051 GC heap after
{Heap after GC invocations=12 (full 2):
 PSYoungGen      total 25088K, used 1779K [0x00000000eab00000, 0x00000000ec780000, 0x0000000100000000)
  eden space 23040K, 0% used [0x00000000eab00000,0x00000000eab00000,0x00000000ec180000)
  from space 2048K, 86% used [0x00000000ec580000,0x00000000ec73ceb8,0x00000000ec780000)
  to   space 2560K, 0% used [0x00000000ec280000,0x00000000ec280000,0x00000000ec500000)
 ParOldGen       total 68608K, used 12271K [0x00000000c0000000, 0x00000000c4300000, 0x00000000eab00000)
  object space 68608K, 17% used [0x00000000c0000000,0x00000000c0bfbfc0,0x00000000c4300000)
 Metaspace       used 38443K, committed 39040K, reserved 1114112K
  class space    used 3845K, committed 4096K, reserved 1048576K
}

Dll operation events (10 events):
Event: 0.071 Loaded shared library c:\Users\holah\.vscode\extensions\redhat.java-1.37.0-win32-x64\jre\17.0.13-win32-x86_64\bin\java.dll
Event: 1.153 Loaded shared library c:\Users\holah\.vscode\extensions\redhat.java-1.37.0-win32-x64\jre\17.0.13-win32-x86_64\bin\zip.dll
Event: 1.176 Loaded shared library C:\Users\holah\.vscode\extensions\redhat.java-1.37.0-win32-x64\jre\17.0.13-win32-x86_64\bin\instrument.dll
Event: 1.219 Loaded shared library C:\Users\holah\.vscode\extensions\redhat.java-1.37.0-win32-x64\jre\17.0.13-win32-x86_64\bin\net.dll
Event: 1.228 Loaded shared library C:\Users\holah\.vscode\extensions\redhat.java-1.37.0-win32-x64\jre\17.0.13-win32-x86_64\bin\nio.dll
Event: 1.236 Loaded shared library C:\Users\holah\.vscode\extensions\redhat.java-1.37.0-win32-x64\jre\17.0.13-win32-x86_64\bin\zip.dll
Event: 1.266 Loaded shared library C:\Users\holah\.vscode\extensions\redhat.java-1.37.0-win32-x64\jre\17.0.13-win32-x86_64\bin\jimage.dll
Event: 1.867 Loaded shared library c:\Users\holah\.vscode\extensions\redhat.java-1.37.0-win32-x64\jre\17.0.13-win32-x86_64\bin\verify.dll
Event: 5.455 Loaded shared library C:\Users\holah\AppData\Roaming\Code\User\globalStorage\redhat.java\1.37.0\config_ss_win\org.eclipse.equinox.launcher\org.eclipse.equinox.launcher.win32.win32.x86_64_1.2.1100.v20240722-2106\eclipse_11904.dll
Event: 12.825 Loaded shared library C:\Users\holah\AppData\Local\Temp\jna-99459884\jna1817444896316060015.dll

Deoptimization events (20 events):
Event: 27.896 Thread 0x000001c86a7aabb0 Uncommon trap: trap_request=0xffffffbe fr.pc=0x000001c85c04a638 relative=0x0000000000001238
Event: 27.896 Thread 0x000001c86a7aabb0 Uncommon trap: reason=profile_predicate action=maybe_recompile pc=0x000001c85c04a638 method=java.util.Properties.load0(Ljava/util/Properties$LineReader;)V @ 14 c2
Event: 27.896 Thread 0x000001c86a7aabb0 DEOPT PACKING pc=0x000001c85c04a638 sp=0x000000c39fcfe550
Event: 27.896 Thread 0x000001c86a7aabb0 DEOPT UNPACKING pc=0x000001c85b9c66a3 sp=0x000000c39fcfe520 mode 2
Event: 28.363 Thread 0x000001c86bcbcd40 DEOPT PACKING pc=0x000001c85475c438 sp=0x000000c39fffe810
Event: 28.363 Thread 0x000001c86bcbcd40 DEOPT UNPACKING pc=0x000001c85b9c6e43 sp=0x000000c39fffdd18 mode 0
Event: 28.564 Thread 0x000001c86bcbc320 DEOPT PACKING pc=0x000001c8544b0fe1 sp=0x000000c3a07fe0e0
Event: 28.564 Thread 0x000001c86bcbc320 DEOPT UNPACKING pc=0x000001c85b9c6e43 sp=0x000000c3a07fd5d8 mode 0
Event: 29.053 Thread 0x000001c86a7aa6a0 Uncommon trap: trap_request=0xffffff45 fr.pc=0x000001c85c09fa10 relative=0x00000000000009f0
Event: 29.053 Thread 0x000001c86a7aa6a0 Uncommon trap: reason=unstable_if action=reinterpret pc=0x000001c85c09fa10 method=jdk.internal.jimage.ImageReader$SharedImageReader.findNode(Ljava/lang/String;)Ljdk/internal/jimage/ImageReader$Node; @ 25 c2
Event: 29.053 Thread 0x000001c86a7aa6a0 DEOPT PACKING pc=0x000001c85c09fa10 sp=0x000000c39fbfd340
Event: 29.053 Thread 0x000001c86a7aa6a0 DEOPT UNPACKING pc=0x000001c85b9c66a3 sp=0x000000c39fbfd318 mode 2
Event: 29.070 Thread 0x000001c86a7aa6a0 Uncommon trap: trap_request=0xffffff45 fr.pc=0x000001c85c09e07c relative=0x000000000000015c
Event: 29.070 Thread 0x000001c86a7aa6a0 Uncommon trap: reason=unstable_if action=reinterpret pc=0x000001c85c09e07c method=jdk.internal.jrtfs.JrtPath.normalize(Ljava/lang/String;)Ljava/lang/String; @ 78 c2
Event: 29.070 Thread 0x000001c86a7aa6a0 DEOPT PACKING pc=0x000001c85c09e07c sp=0x000000c39fbfccb0
Event: 29.070 Thread 0x000001c86a7aa6a0 DEOPT UNPACKING pc=0x000001c85b9c66a3 sp=0x000000c39fbfcc30 mode 2
Event: 29.138 Thread 0x000001c86bcbaee0 Uncommon trap: trap_request=0xffffff45 fr.pc=0x000001c85bfc756c relative=0x00000000000000ec
Event: 29.138 Thread 0x000001c86bcbaee0 Uncommon trap: reason=unstable_if action=reinterpret pc=0x000001c85bfc756c method=jdk.internal.org.objectweb.asm.ByteVector.putShort(I)Ljdk/internal/org/objectweb/asm/ByteVector; @ 13 c2
Event: 29.138 Thread 0x000001c86bcbaee0 DEOPT PACKING pc=0x000001c85bfc756c sp=0x000000c3a00fbfb0
Event: 29.138 Thread 0x000001c86bcbaee0 DEOPT UNPACKING pc=0x000001c85b9c66a3 sp=0x000000c3a00fbf48 mode 2

Classes loaded (20 events):
Event: 29.064 Loading class java/lang/invoke/BoundMethodHandle$Species_I
Event: 29.064 Loading class java/lang/invoke/BoundMethodHandle$Species_I done
Event: 29.064 Loading class java/lang/runtime/ObjectMethods$1
Event: 29.064 Loading class java/lang/runtime/ObjectMethods$1 done
Event: 29.068 Loading class java/lang/invoke/DirectMethodHandle$1
Event: 29.068 Loading class java/lang/invoke/DirectMethodHandle$1 done
Event: 29.136 Loading class java/util/AbstractList$RandomAccessSubList
Event: 29.136 Loading class java/util/AbstractList$SubList
Event: 29.136 Loading class java/util/AbstractList$SubList done
Event: 29.136 Loading class java/util/AbstractList$RandomAccessSubList done
Event: 29.136 Loading class java/util/AbstractList$ListItr
Event: 29.136 Loading class java/util/AbstractList$ListItr done
Event: 29.136 Loading class java/util/AbstractList$SubList$1
Event: 29.136 Loading class java/util/AbstractList$SubList$1 done
Event: 29.137 Loading class java/lang/invoke/MethodHandleImpl$CountingWrapper
Event: 29.137 Loading class java/lang/invoke/MethodHandleImpl$CountingWrapper done
Event: 29.169 Loading class java/nio/channels/Channels$ReadableByteChannelImpl
Event: 29.169 Loading class java/nio/channels/Channels$ReadableByteChannelImpl done
Event: 29.283 Loading class java/nio/channels/NonWritableChannelException
Event: 29.283 Loading class java/nio/channels/NonWritableChannelException done

Classes unloaded (7 events):
Event: 9.787 Thread 0x000001c865cc8700 Unloading class 0x0000000100219800 'java/lang/invoke/LambdaForm$MH+0x0000000100219800'
Event: 9.787 Thread 0x000001c865cc8700 Unloading class 0x0000000100219400 'java/lang/invoke/LambdaForm$MH+0x0000000100219400'
Event: 9.787 Thread 0x000001c865cc8700 Unloading class 0x0000000100219000 'java/lang/invoke/LambdaForm$MH+0x0000000100219000'
Event: 9.787 Thread 0x000001c865cc8700 Unloading class 0x0000000100218c00 'java/lang/invoke/LambdaForm$MH+0x0000000100218c00'
Event: 9.787 Thread 0x000001c865cc8700 Unloading class 0x0000000100218800 'java/lang/invoke/LambdaForm$BMH+0x0000000100218800'
Event: 9.787 Thread 0x000001c865cc8700 Unloading class 0x0000000100218400 'java/lang/invoke/LambdaForm$DMH+0x0000000100218400'
Event: 9.787 Thread 0x000001c865cc8700 Unloading class 0x0000000100214400 'java/lang/invoke/LambdaForm$DMH+0x0000000100214400'

Classes redefined (0 events):
No events

Internal exceptions (20 events):
Event: 25.294 Thread 0x000001c86a7aa6a0 Exception <a 'java/io/FileNotFoundException'{0x00000000eb279c58}> (0x00000000eb279c58) 
thrown [s\src\hotspot\share\prims\jni.cpp, line 516]
Event: 25.331 Thread 0x000001c86a7aa6a0 Exception <a 'sun/nio/fs/WindowsException'{0x00000000eb3fab28}> (0x00000000eb3fab28) 
thrown [s\src\hotspot\share\prims\jni.cpp, line 516]
Event: 25.677 Thread 0x000001c86a7ab5d0 Exception <a 'java/lang/NoSuchMethodError'{0x00000000eb6bc5f8}: 'java.lang.Object java.lang.invoke.DirectMethodHandle$Holder.newInvokeSpecial(java.lang.Object, java.lang.Object, java.lang.Object, java.lang.Object, java.lang.Object, java.lang.Object)'> (0x00000000eb6bc5f8) 
thrown [s\src\hotspot\share\interpreter\linkResolver.cpp, line 759]
Event: 27.852 Thread 0x000001c86a7aabb0 Exception <a 'java/lang/NoSuchMethodError'{0x00000000eb890c68}: 'java.lang.Object java.lang.invoke.DirectMethodHandle$Holder.invokeInterface(java.lang.Object, java.lang.Object, java.lang.Object)'> (0x00000000eb890c68) 
thrown [s\src\hotspot\share\interpreter\linkResolver.cpp, line 759]
Event: 28.300 Thread 0x000001c86a7aabb0 Exception <a 'java/lang/NoSuchMethodError'{0x00000000ebbaa708}: 'java.lang.Object java.lang.invoke.Invokers$Holder.invoke_MT(java.lang.Object, java.lang.Object, java.lang.Object)'> (0x00000000ebbaa708) 
thrown [s\src\hotspot\share\interpreter\linkResolver.cpp, line 759]
Event: 29.060 Thread 0x000001c86a7aa6a0 Exception <a 'java/lang/NoSuchMethodError'{0x00000000eabd3c30}: 'java.lang.Object java.lang.invoke.DirectMethodHandle$Holder.invokeStaticInit(java.lang.Object, java.lang.Object, java.lang.Object, java.lang.Object, java.lang.Object, java.lang.Object, java.lang.Object)'> (0x00000000eabd3c30) 
thrown [s\src\hotspot\share\interpreter\linkResolver.cpp, line 759]
Event: 29.061 Thread 0x000001c86a7aa6a0 Exception <a 'java/lang/NoSuchMethodError'{0x00000000eabdd160}: 'java.lang.Object java.lang.invoke.DirectMethodHandle$Holder.invokeSpecial(java.lang.Object, java.lang.Object, java.lang.Object, java.lang.Object, java.lang.Object, java.lang.Object, java.lang.Object, java.lang.Object, java.lang.Object, java.lang.Object)'> (0x00000000eabdd160) 
thrown [s\src\hotspot\share\interpreter\linkResolver.cpp, line 759]
Event: 29.061 Thread 0x000001c86a7aa6a0 Exception <a 'java/lang/NoSuchMethodError'{0x00000000eabe19f0}: 'java.lang.Object java.lang.invoke.Invokers$Holder.invoke_MT(java.lang.Object, java.lang.Object, java.lang.Object, java.lang.Object, java.lang.Object, java.lang.Object, java.lang.Object, java.lang.Object, java.lang.Object, java.lang.Object)'> (0x00000000eabe19f0) 
thrown [s\src\hotspot\share\interpreter\linkResolver.cpp, line 759]
Event: 29.065 Thread 0x000001c86a7aa6a0 Exception <a 'java/lang/NoSuchMethodError'{0x00000000eac286a0}: 'int java.lang.invoke.DirectMethodHandle$Holder.invokeVirtual(java.lang.Object, java.lang.Object, java.lang.Object)'> (0x00000000eac286a0) 
thrown [s\src\hotspot\share\interpreter\linkResolver.cpp, line 759]
Event: 29.065 Thread 0x000001c86a7aa6a0 Exception <a 'java/lang/NoSuchMethodError'{0x00000000eac2c200}: 'int java.lang.invoke.DirectMethodHandle$Holder.invokeVirtual(java.lang.Object, java.lang.Object)'> (0x00000000eac2c200) 
thrown [s\src\hotspot\share\interpreter\linkResolver.cpp, line 759]
Event: 29.065 Thread 0x000001c86a7aa6a0 Exception <a 'java/lang/NoSuchMethodError'{0x00000000eac30770}: 'int java.lang.invoke.DirectMethodHandle$Holder.invokeStaticInit(java.lang.Object, int, int)'> (0x00000000eac30770) 
thrown [s\src\hotspot\share\interpreter\linkResolver.cpp, line 759]
Event: 29.066 Thread 0x000001c86a7aa6a0 Exception <a 'java/lang/NoSuchMethodError'{0x00000000eac38458}: 'int java.lang.invoke.DirectMethodHandle$Holder.invokeStaticInit(java.lang.Object, long, long)'> (0x00000000eac38458) 
thrown [s\src\hotspot\share\interpreter\linkResolver.cpp, line 759]
Event: 29.066 Thread 0x000001c86a7aa6a0 Exception <a 'java/lang/NoSuchMethodError'{0x00000000eac3f550}: 'int java.lang.invoke.DirectMethodHandle$Holder.invokeStaticInit(java.lang.Object, float, float)'> (0x00000000eac3f550) 
thrown [s\src\hotspot\share\interpreter\linkResolver.cpp, line 759]
Event: 29.067 Thread 0x000001c86a7aa6a0 Exception <a 'java/lang/NoSuchMethodError'{0x00000000eac46650}: 'int java.lang.invoke.DirectMethodHandle$Holder.invokeStaticInit(java.lang.Object, double, double)'> (0x00000000eac46650) 
thrown [s\src\hotspot\share\interpreter\linkResolver.cpp, line 759]
Event: 29.067 Thread 0x000001c86a7aa6a0 Exception <a 'java/lang/NoSuchMethodError'{0x00000000eac4af00}: 'int java.lang.invoke.DirectMethodHandle$Holder.invokeStatic(java.lang.Object, long)'> (0x00000000eac4af00) 
thrown [s\src\hotspot\share\interpreter\linkResolver.cpp, line 759]
Event: 29.069 Thread 0x000001c86a7aa6a0 Exception <a 'java/lang/NoSuchMethodError'{0x00000000eac72d88}: 'int java.lang.invoke.Invokers$Holder.linkToTargetMethod(java.lang.Object, java.lang.Object)'> (0x00000000eac72d88) 
thrown [s\src\hotspot\share\interpreter\linkResolver.cpp, line 759]
Event: 29.120 Thread 0x000001c86bcbaee0 Exception <a 'java/lang/NoSuchMethodError'{0x00000000eae7f080}: 'int java.lang.invoke.DirectMethodHandle$Holder.invokeSpecial(java.lang.Object, java.lang.Object, java.lang.Object, java.lang.Object)'> (0x00000000eae7f080) 
thrown [s\src\hotspot\share\interpreter\linkResolver.cpp, line 759]
Event: 29.137 Thread 0x000001c86bcbaee0 Exception <a 'java/lang/NoSuchMethodError'{0x00000000eae9c5c8}: 'java.lang.Object java.lang.invoke.DirectMethodHandle$Holder.invokeStatic(java.lang.Object, int, java.lang.Object, java.lang.Object)'> (0x00000000eae9c5c8) 
thrown [s\src\hotspot\share\interpreter\linkResolver.cpp, line 759]
Event: 29.137 Thread 0x000001c86bcbaee0 Exception <a 'java/lang/NoSuchMethodError'{0x00000000eaea0080}: 'java.lang.Object java.lang.invoke.DelegatingMethodHandle$Holder.delegate(java.lang.Object, int, java.lang.Object, java.lang.Object)'> (0x00000000eaea0080) 
thrown [s\src\hotspot\share\interpreter\linkResolver.cpp, line 759]
Event: 29.138 Thread 0x000001c86bcbaee0 Exception <a 'java/lang/NoSuchMethodError'{0x00000000eaeb5af8}: 'int java.lang.invoke.Invokers$Holder.linkToTargetMethod(java.lang.Object, java.lang.Object, java.lang.Object)'> (0x00000000eaeb5af8) 
thrown [s\src\hotspot\share\interpreter\linkResolver.cpp, line 759]

VM Operations (20 events):
Event: 24.856 Executing VM operation: Cleanup
Event: 24.856 Executing VM operation: Cleanup done
Event: 25.236 Executing VM operation: HandshakeAllThreads
Event: 25.236 Executing VM operation: HandshakeAllThreads done
Event: 26.253 Executing VM operation: Cleanup
Event: 26.253 Executing VM operation: Cleanup done
Event: 27.911 Executing VM operation: HandshakeAllThreads
Event: 28.190 Executing VM operation: HandshakeAllThreads done
Event: 28.193 Executing VM operation: Cleanup
Event: 28.193 Executing VM operation: Cleanup done
Event: 28.193 Executing VM operation: HandshakeAllThreads
Event: 28.193 Executing VM operation: HandshakeAllThreads done
Event: 28.390 Executing VM operation: HandshakeAllThreads
Event: 28.446 Executing VM operation: HandshakeAllThreads done
Event: 28.449 Executing VM operation: HandshakeAllThreads
Event: 28.471 Executing VM operation: HandshakeAllThreads done
Event: 29.046 Executing VM operation: ParallelGCFailedAllocation
Event: 29.051 Executing VM operation: ParallelGCFailedAllocation done
Event: 29.170 Executing VM operation: HandshakeAllThreads
Event: 29.212 Executing VM operation: HandshakeAllThreads done

Memory protections (0 events):
No events

Nmethod flushes (0 events):
No events

Events (20 events):
Event: 20.318 Thread 0x000001c86adfea50 Thread added: 0x000001c86a7abff0
Event: 21.907 Thread 0x000001c86a7abff0 Thread exited: 0x000001c86a7abff0
Event: 22.805 Thread 0x000001c84ffb6ac0 Thread added: 0x000001c86a7a9c80
Event: 22.805 Thread 0x000001c84ffb6ac0 Thread added: 0x000001c86a7abae0
Event: 22.973 Thread 0x000001c84ffb6ac0 Thread added: 0x000001c86a7abff0
Event: 23.229 Thread 0x000001c86a7a9770 Thread added: 0x000001c86a7ac500
Event: 24.017 Thread 0x000001c84ffb6ac0 Thread added: 0x000001c86a7aa190
Event: 24.017 Thread 0x000001c84ffb6ac0 Thread added: 0x000001c86a7aa6a0
Event: 27.740 Thread 0x000001c86a7aa6a0 Thread added: 0x000001c86a7aabb0
Event: 27.742 Thread 0x000001c86a7aa6a0 Thread added: 0x000001c86bcba4c0
Event: 27.743 Thread 0x000001c86a7aa6a0 Thread added: 0x000001c86bcbc830
Event: 27.744 Thread 0x000001c86a7aa6a0 Thread added: 0x000001c86bcbcd40
Event: 28.380 Thread 0x000001c86a7aa6a0 Thread added: 0x000001c86bcbaee0
Event: 28.385 Thread 0x000001c86a7aa6a0 Thread added: 0x000001c86bcbd250
Event: 28.386 Thread 0x000001c86a7aa6a0 Thread added: 0x000001c86bcba9d0
Event: 28.391 Thread 0x000001c86a7aa6a0 Thread added: 0x000001c86bcbb900
Event: 28.392 Thread 0x000001c86a7aa6a0 Thread added: 0x000001c86bcbd760
Event: 28.481 Thread 0x000001c86a7aa6a0 Thread added: 0x000001c86bcbdc70
Event: 28.482 Thread 0x000001c86a7aa6a0 Thread added: 0x000001c86bcbb3f0
Event: 28.483 Thread 0x000001c86a7aa6a0 Thread added: 0x000001c86bcbc320


Dynamic libraries:
0x00007ff6b49d0000 - 0x00007ff6b49de000 	c:\Users\holah\.vscode\extensions\redhat.java-1.37.0-win32-x64\jre\17.0.13-win32-x86_64\bin\java.exe
0x00007ff944df0000 - 0x00007ff944fe8000 	C:\Windows\SYSTEM32\ntdll.dll
0x00007ff943100000 - 0x00007ff9431bd000 	C:\Windows\System32\KERNEL32.DLL
0x00007ff942ad0000 - 0x00007ff942dc6000 	C:\Windows\System32\KERNELBASE.dll
0x00007ff942730000 - 0x00007ff942830000 	C:\Windows\System32\ucrtbase.dll
0x00007ff9368c0000 - 0x00007ff9368d7000 	c:\Users\holah\.vscode\extensions\redhat.java-1.37.0-win32-x64\jre\17.0.13-win32-x86_64\bin\jli.dll
0x00007ff9438e0000 - 0x00007ff943a7e000 	C:\Windows\System32\USER32.dll
0x00007ff942830000 - 0x00007ff942852000 	C:\Windows\System32\win32u.dll
0x00007ff9431d0000 - 0x00007ff9431fc000 	C:\Windows\System32\GDI32.dll
0x00007ff942580000 - 0x00007ff94269a000 	C:\Windows\System32\gdi32full.dll
0x00007ff942860000 - 0x00007ff9428fd000 	C:\Windows\System32\msvcp_win.dll
0x00007ff934130000 - 0x00007ff93414e000 	c:\Users\holah\.vscode\extensions\redhat.java-1.37.0-win32-x64\jre\17.0.13-win32-x86_64\bin\VCRUNTIME140.dll
0x00007ff929f00000 - 0x00007ff92a19a000 	C:\Windows\WinSxS\amd64_microsoft.windows.common-controls_6595b64144ccf1df_6.0.19041.3636_none_60b6a03d71f818d5\COMCTL32.dll
0x00007ff944650000 - 0x00007ff9446ee000 	C:\Windows\System32\msvcrt.dll
0x00007ff9447b0000 - 0x00007ff9447e0000 	C:\Windows\System32\IMM32.DLL
0x00007ff93ab90000 - 0x00007ff93ab9c000 	c:\Users\holah\.vscode\extensions\redhat.java-1.37.0-win32-x64\jre\17.0.13-win32-x86_64\bin\vcruntime140_1.dll
0x00007ff930b10000 - 0x00007ff930b9d000 	c:\Users\holah\.vscode\extensions\redhat.java-1.37.0-win32-x64\jre\17.0.13-win32-x86_64\bin\msvcp140.dll
0x00007ff911190000 - 0x00007ff911dfb000 	c:\Users\holah\.vscode\extensions\redhat.java-1.37.0-win32-x64\jre\17.0.13-win32-x86_64\bin\server\jvm.dll
0x00007ff944700000 - 0x00007ff9447af000 	C:\Windows\System32\ADVAPI32.dll
0x00007ff9437d0000 - 0x00007ff94386c000 	C:\Windows\System32\sechost.dll
0x00007ff9436a0000 - 0x00007ff9437c6000 	C:\Windows\System32\RPCRT4.dll
0x00007ff943870000 - 0x00007ff9438db000 	C:\Windows\System32\WS2_32.dll
0x00007ff942280000 - 0x00007ff9422cb000 	C:\Windows\SYSTEM32\POWRPROF.dll
0x00007ff928500000 - 0x00007ff928527000 	C:\Windows\SYSTEM32\WINMM.dll
0x00007ff93b3c0000 - 0x00007ff93b3ca000 	C:\Windows\SYSTEM32\VERSION.dll
0x00007ff942260000 - 0x00007ff942272000 	C:\Windows\SYSTEM32\UMPDC.dll
0x00007ff9403b0000 - 0x00007ff9403c2000 	C:\Windows\SYSTEM32\kernel.appcore.dll
0x00007ff937e10000 - 0x00007ff937e1a000 	c:\Users\holah\.vscode\extensions\redhat.java-1.37.0-win32-x64\jre\17.0.13-win32-x86_64\bin\jimage.dll
0x00007ff930510000 - 0x00007ff9306f4000 	C:\Windows\SYSTEM32\DBGHELP.DLL
0x00007ff9304d0000 - 0x00007ff930504000 	C:\Windows\SYSTEM32\dbgcore.DLL
0x00007ff9426a0000 - 0x00007ff942722000 	C:\Windows\System32\bcryptPrimitives.dll
0x00007ff932f90000 - 0x00007ff932f9e000 	c:\Users\holah\.vscode\extensions\redhat.java-1.37.0-win32-x64\jre\17.0.13-win32-x86_64\bin\instrument.dll
0x00007ff932f60000 - 0x00007ff932f85000 	c:\Users\holah\.vscode\extensions\redhat.java-1.37.0-win32-x64\jre\17.0.13-win32-x86_64\bin\java.dll
0x00007ff932180000 - 0x00007ff932198000 	c:\Users\holah\.vscode\extensions\redhat.java-1.37.0-win32-x64\jre\17.0.13-win32-x86_64\bin\zip.dll
0x00007ff943f00000 - 0x00007ff944645000 	C:\Windows\System32\SHELL32.dll
0x00007ff9405b0000 - 0x00007ff940d4b000 	C:\Windows\SYSTEM32\windows.storage.dll
0x00007ff943270000 - 0x00007ff9435c4000 	C:\Windows\System32\combase.dll
0x00007ff941e40000 - 0x00007ff941e6d000 	C:\Windows\SYSTEM32\Wldp.dll
0x00007ff944890000 - 0x00007ff94493d000 	C:\Windows\System32\SHCORE.dll
0x00007ff942e50000 - 0x00007ff942ea5000 	C:\Windows\System32\shlwapi.dll
0x00007ff942400000 - 0x00007ff942425000 	C:\Windows\SYSTEM32\profapi.dll
0x00007ff931570000 - 0x00007ff931589000 	C:\Users\holah\.vscode\extensions\redhat.java-1.37.0-win32-x64\jre\17.0.13-win32-x86_64\bin\net.dll
0x00007ff93b3f0000 - 0x00007ff93b4fa000 	C:\Windows\SYSTEM32\WINHTTP.dll
0x00007ff941ba0000 - 0x00007ff941c0a000 	C:\Windows\system32\mswsock.dll
0x00007ff931530000 - 0x00007ff931546000 	C:\Users\holah\.vscode\extensions\redhat.java-1.37.0-win32-x64\jre\17.0.13-win32-x86_64\bin\nio.dll
0x00007ff931520000 - 0x00007ff931530000 	c:\Users\holah\.vscode\extensions\redhat.java-1.37.0-win32-x64\jre\17.0.13-win32-x86_64\bin\verify.dll
0x00007ff9369f0000 - 0x00007ff936a35000 	C:\Users\holah\AppData\Roaming\Code\User\globalStorage\redhat.java\1.37.0\config_ss_win\org.eclipse.equinox.launcher\org.eclipse.equinox.launcher.win32.win32.x86_64_1.2.1100.v20240722-2106\eclipse_11904.dll
0x00007ff942fd0000 - 0x00007ff9430fb000 	C:\Windows\System32\ole32.dll
0x00007ff941d90000 - 0x00007ff941da8000 	C:\Windows\SYSTEM32\CRYPTSP.dll
0x00007ff9414d0000 - 0x00007ff941504000 	C:\Windows\system32\rsaenh.dll
0x00007ff942e20000 - 0x00007ff942e47000 	C:\Windows\System32\bcrypt.dll
0x00007ff942380000 - 0x00007ff9423ae000 	C:\Windows\SYSTEM32\USERENV.dll
0x00007ff941db0000 - 0x00007ff941dbc000 	C:\Windows\SYSTEM32\CRYPTBASE.dll
0x00007ff941890000 - 0x00007ff9418cb000 	C:\Windows\SYSTEM32\IPHLPAPI.DLL
0x00007ff9446f0000 - 0x00007ff9446f8000 	C:\Windows\System32\NSI.dll
0x00007ff93b7c0000 - 0x00007ff93b7d7000 	C:\Windows\SYSTEM32\dhcpcsvc6.DLL
0x00007ff93b7a0000 - 0x00007ff93b7bd000 	C:\Windows\SYSTEM32\dhcpcsvc.DLL
0x00007ff9418e0000 - 0x00007ff9419aa000 	C:\Windows\SYSTEM32\DNSAPI.dll
0x00007ff9344f0000 - 0x00007ff934539000 	C:\Users\holah\AppData\Local\Temp\jna-99459884\jna1817444896316060015.dll
0x00007ff9431c0000 - 0x00007ff9431c8000 	C:\Windows\System32\PSAPI.DLL

dbghelp: loaded successfully - version: 4.0.5 - missing functions: none
symbol engine: initialized successfully - sym options: 0x614 - pdb path: .;c:\Users\holah\.vscode\extensions\redhat.java-1.37.0-win32-x64\jre\17.0.13-win32-x86_64\bin;C:\Windows\SYSTEM32;C:\Windows\WinSxS\amd64_microsoft.windows.common-controls_6595b64144ccf1df_6.0.19041.3636_none_60b6a03d71f818d5;c:\Users\holah\.vscode\extensions\redhat.java-1.37.0-win32-x64\jre\17.0.13-win32-x86_64\bin\server;C:\Users\holah\AppData\Roaming\Code\User\globalStorage\redhat.java\1.37.0\config_ss_win\org.eclipse.equinox.launcher\org.eclipse.equinox.launcher.win32.win32.x86_64_1.2.1100.v20240722-2106;C:\Users\holah\AppData\Local\Temp\jna-99459884

VM Arguments:
jvm_args: --add-modules=ALL-SYSTEM --add-opens=java.base/java.util=ALL-UNNAMED --add-opens=java.base/java.lang=ALL-UNNAMED --add-opens=java.base/sun.nio.fs=ALL-UNNAMED -Declipse.application=org.eclipse.jdt.ls.core.id1 -Dosgi.bundles.defaultStartLevel=4 -Declipse.product=org.eclipse.jdt.ls.core.product -Djava.import.generatesMetadataFilesAtProjectRoot=false -DDetectVMInstallationsJob.disabled=true -Dfile.encoding=utf8 -XX:+UseParallelGC -XX:GCTimeRatio=4 -XX:AdaptiveSizePolicyWeight=90 -Dsun.zip.disableMemoryMapping=true -Xmx1G -Xms100m -Xlog:disable -javaagent:c:\Users\holah\.vscode\extensions\redhat.java-1.37.0-win32-x64\lombok\lombok-1.18.34.jar 
java_command: c:\Users\holah\.vscode\extensions\redhat.java-1.37.0-win32-x64\server\plugins\org.eclipse.equinox.launcher_1.6.900.v20240613-2009.jar -configuration c:\Users\holah\AppData\Roaming\Code\User\globalStorage\redhat.java\1.37.0\config_ss_win -data c:\Users\holah\AppData\Roaming\Code\User\workspaceStorage\5824305e4b55f3a71a0b4ebeb60a0185\redhat.java\ss_ws --pipe=\\.\pipe\lsp-d82fb3bac90783cd34d9aea2a9d0b00d-sock
java_class_path (initial): c:\Users\holah\.vscode\extensions\redhat.java-1.37.0-win32-x64\server\plugins\org.eclipse.equinox.launcher_1.6.900.v20240613-2009.jar
Launcher Type: SUN_STANDARD

[Global flags]
    uintx AdaptiveSizePolicyWeight                 = 90                                        {product} {command line}
     intx CICompilerCount                          = 2                                         {product} {ergonomic}
    uintx GCTimeRatio                              = 4                                         {product} {command line}
   size_t InitialHeapSize                          = 104857600                                 {product} {command line}
   size_t MaxHeapSize                              = 1073741824                                {product} {command line}
   size_t MaxNewSize                               = 357564416                                 {product} {ergonomic}
   size_t MinHeapDeltaBytes                        = 524288                                    {product} {ergonomic}
   size_t MinHeapSize                              = 104857600                                 {product} {command line}
   size_t NewSize                                  = 34603008                                  {product} {ergonomic}
    uintx NonNMethodCodeHeapSize                   = 5826188                                {pd product} {ergonomic}
    uintx NonProfiledCodeHeapSize                  = 122916026                              {pd product} {ergonomic}
   size_t OldSize                                  = 70254592                                  {product} {ergonomic}
    uintx ProfiledCodeHeapSize                     = 122916026                              {pd product} {ergonomic}
    uintx ReservedCodeCacheSize                    = 251658240                              {pd product} {ergonomic}
     bool SegmentedCodeCache                       = true                                      {product} {ergonomic}
   size_t SoftMaxHeapSize                          = 1073741824                             {manageable} {ergonomic}
     bool UseCompressedClassPointers               = true                           {product lp64_product} {ergonomic}
     bool UseCompressedOops                        = true                           {product lp64_product} {ergonomic}
     bool UseLargePagesIndividualAllocation        = false                                  {pd product} {ergonomic}
     bool UseParallelGC                            = true                                      {product} {command line}

Logging:
Log output configuration:
 #0: stdout all=off uptime,level,tags
 #1: stderr all=off uptime,level,tags

Environment Variables:
PATH=C:\Program Files\Eclipse Adoptium\jdk-21.0.5.11-hotspot\bin;C:\Windows\system32;C:\Windows;C:\Windows\System32\Wbem;C:\Windows\System32\WindowsPowerShell\v1.0\;C:\Windows\System32\OpenSSH\;C:\Users\holah\AppData\Local\Microsoft\WindowsApps;C:\Users\holah\AppData\Local\Programs\Microsoft VS Code\bin
USERNAME=holah
OS=Windows_NT
PROCESSOR_IDENTIFIER=Intel64 Family 6 Model 165 Stepping 5, GenuineIntel
TMP=C:\Users\holah\AppData\Local\Temp
TEMP=C:\Users\holah\AppData\Local\Temp



Periodic native trim disabled


---------------  S Y S T E M  ---------------

OS:
 Windows 10 , 64 bit Build 19041 (10.0.19041.3636)
OS uptime: 0 days 2:10 hours

CPU: total 1 (initial active 1) (1 cores per cpu, 1 threads per core) family 6 model 165 stepping 5 microcode 0x0, cx8, cmov, fxsr, mmx, 3dnowpref, sse, sse2, sse3, ssse3, sse4.1, sse4.2, popcnt, lzcnt, tsc, tscinvbit, avx, avx2, aes, clmul, bmi1, bmi2, vzeroupper, clflush, clflushopt, hv
Processor Information for all 1 processors :
  Max Mhz: 4104, Current Mhz: 4104, Mhz Limit: 4104

Memory: 4k page, system-wide physical 2047M (149M free)
TotalPageFile size 3634M (AvailPageFile size 1M)
current process WorkingSet (physical memory assigned to process): 141M, peak: 141M
current process commit charge ("private bytes"): 222M, peak: 223M

vm_info: OpenJDK 64-Bit Server VM (17.0.13+11) for windows-amd64 JRE (17.0.13+11), built on Oct 16 2024 00:10:08 by "admin" with MS VC++ 17.7 (VS2022)

END.
